{"core/zepto.js":{"path":"core/zepto.js","s":{"1":1,"2":1,"3":0,"4":0,"5":1,"6":0,"7":0,"8":0,"9":0,"10":0,"11":0,"12":0,"13":0,"14":0,"15":0,"16":0,"17":0,"18":0,"19":0,"20":0,"21":0,"22":0,"23":0,"24":0,"25":0,"26":0,"27":1,"28":1,"29":1,"30":0,"31":0,"32":0,"33":0,"34":0,"35":0,"36":0,"37":0,"38":0,"39":0,"40":0,"41":1,"42":37,"43":1,"44":13,"45":1,"46":3,"47":1,"48":4,"49":1,"50":17,"51":1,"52":8,"53":1,"54":9,"55":1,"56":13,"57":1,"58":0,"59":0,"60":1,"61":5,"62":1,"63":0,"64":0,"65":1,"66":0,"67":1,"68":0,"69":0,"70":1,"71":0,"72":1,"73":0,"74":1,"75":0,"76":0,"77":0,"78":0,"79":0,"80":0,"81":0,"82":0,"83":0,"84":1,"85":0,"86":0,"87":0,"88":1,"89":5,"90":5,"91":5,"92":3,"93":5,"94":5,"95":5,"96":5,"97":5,"98":5,"99":5,"100":0,"101":0,"102":0,"103":0,"104":0,"105":5,"106":1,"107":9,"108":9,"109":9,"110":9,"111":1,"112":9,"113":1,"114":10,"115":0,"116":10,"117":1,"118":9,"119":0,"120":9,"121":9,"122":0,"123":9,"124":3,"125":6,"126":2,"127":4,"128":0,"129":4,"130":9,"131":1,"132":10,"133":1,"134":11,"135":44,"136":0,"137":0,"138":0,"139":0,"140":0,"141":44,"142":44,"143":1,"144":10,"145":10,"146":0,"147":0,"148":10,"149":11,"150":10,"151":1,"152":4,"153":4,"154":1,"155":0,"156":1,"157":0,"158":1,"159":0,"160":1,"161":0,"162":1,"163":0,"164":0,"165":0,"166":0,"167":1,"168":0,"169":0,"170":0,"171":0,"172":1,"173":1,"174":1,"175":1,"176":1,"177":1,"178":0,"179":0,"180":0,"181":0,"182":1,"183":0,"184":1,"185":1,"186":0,"187":1,"188":1,"189":1,"190":1,"191":5,"192":5,"193":5,"194":5,"195":5,"196":5,"197":0,"198":0,"199":0,"200":0,"201":5,"202":1,"203":8,"204":8,"205":7,"206":22,"207":0,"208":1,"209":1,"210":1,"211":7,"212":1,"213":0,"214":1,"215":1,"216":1,"217":9,"218":1,"219":0,"220":0,"221":0,"222":1,"223":0,"224":1,"225":1,"226":1,"227":0,"228":0,"229":0,"230":1,"231":1,"232":1,"233":8,"234":8,"235":8,"236":0,"237":0,"238":0,"239":0,"240":0,"241":0,"242":0,"243":0,"244":0,"245":0,"246":0,"247":0,"248":0,"249":0,"250":0,"251":0,"252":0,"253":0,"254":0,"255":0,"256":0,"257":0,"258":0,"259":0,"260":0,"261":0,"262":0,"263":0,"264":0,"265":0,"266":0,"267":0,"268":0,"269":0,"270":0,"271":0,"272":0,"273":0,"274":0,"275":0,"276":0,"277":0,"278":0,"279":0,"280":0,"281":0,"282":0,"283":0,"284":0,"285":0,"286":0,"287":0,"288":0,"289":0,"290":0,"291":0,"292":0,"293":0,"294":0,"295":0,"296":0,"297":0,"298":0,"299":0,"300":0,"301":0,"302":0,"303":0,"304":0,"305":0,"306":0,"307":0,"308":0,"309":0,"310":0,"311":0,"312":0,"313":0,"314":0,"315":0,"316":0,"317":0,"318":0,"319":0,"320":0,"321":0,"322":0,"323":0,"324":0,"325":0,"326":0,"327":0,"328":0,"329":0,"330":0,"331":0,"332":0,"333":0,"334":0,"335":0,"336":0,"337":0,"338":0,"339":0,"340":0,"341":0,"342":0,"343":0,"344":0,"345":0,"346":0,"347":0,"348":0,"349":0,"350":0,"351":0,"352":0,"353":0,"354":0,"355":0,"356":0,"357":0,"358":0,"359":0,"360":0,"361":0,"362":0,"363":0,"364":0,"365":0,"366":0,"367":0,"368":0,"369":0,"370":0,"371":0,"372":0,"373":0,"374":0,"375":0,"376":0,"377":0,"378":0,"379":0,"380":0,"381":0,"382":0,"383":0,"384":0,"385":0,"386":0,"387":0,"388":0,"389":0,"390":0,"391":0,"392":0,"393":0,"394":0,"395":0,"396":0,"397":0,"398":0,"399":0,"400":0,"401":0,"402":0,"403":0,"404":0,"405":0,"406":0,"407":0,"408":0,"409":0,"410":0,"411":1,"412":1,"413":2,"414":0,"415":0,"416":0,"417":0,"418":0,"419":0,"420":0,"421":1,"422":18,"423":18,"424":13,"425":1,"426":4,"427":4,"428":5,"429":5,"430":5,"431":5,"432":0,"433":5,"434":5,"435":5,"436":5,"437":5,"438":0,"439":5,"440":0,"441":5,"442":18,"443":0,"444":4,"445":2,"446":2,"447":1,"448":1,"449":1,"450":1,"451":1,"452":1,"453":1,"454":1,"455":1,"456":1,"457":1,"458":1,"459":1,"460":0,"461":1,"462":0,"463":1,"464":0,"465":1,"466":0,"467":1,"468":0,"469":1,"470":0,"471":1,"472":0,"473":1,"474":0,"475":1,"476":0,"477":1,"478":0,"479":1,"480":0,"481":1,"482":0,"483":1,"484":1,"485":1,"486":0,"487":1,"488":1,"489":1,"490":1,"491":1,"492":1,"493":1,"494":1,"495":3,"496":1,"497":0,"498":0,"499":0,"500":0,"501":0,"502":1,"503":2,"504":2,"505":1,"506":0,"507":1,"508":2,"509":0,"510":2,"511":2,"512":1,"513":2,"514":1,"515":2,"516":1,"517":2,"518":2,"519":2,"520":2,"521":2,"522":2,"523":0,"524":0,"525":0,"526":0,"527":2,"528":2,"529":2,"530":1,"531":1,"532":0,"533":1,"534":2,"535":2,"536":2,"537":1,"538":0,"539":0,"540":0,"541":0,"542":0,"543":1,"544":1,"545":1,"546":1,"547":0,"548":1,"549":1,"550":0,"551":0,"552":0,"553":1,"554":2,"555":2,"556":1,"557":0,"558":0,"559":1,"560":0,"561":0,"562":0,"563":0,"564":0,"565":0,"566":1,"567":0,"568":0,"569":1,"570":0,"571":0,"572":0,"573":0,"574":0,"575":0,"576":0,"577":0,"578":0,"579":0,"580":1,"581":0,"582":0,"583":0,"584":0,"585":0,"586":0,"587":1,"588":0,"589":0,"590":0,"591":0,"592":0,"593":0,"594":0,"595":1,"596":0,"597":0,"598":1,"599":0,"600":0,"601":1,"602":0,"603":0,"604":1,"605":2,"606":1,"607":0,"608":1,"609":0,"610":0,"611":0,"612":0,"613":0,"614":0,"615":0,"616":1,"617":0,"618":0,"619":0,"620":0,"621":0,"622":0,"623":0,"624":0,"625":0,"626":0,"627":1,"628":21,"629":0,"630":1,"631":2,"632":0,"633":0,"634":0,"635":0,"636":0,"637":0,"638":1,"639":0,"640":0,"641":0,"642":0,"643":0,"644":0,"645":0,"646":0,"647":0,"648":0,"649":1,"650":1,"651":1,"652":0,"653":0,"654":0,"655":1,"656":0,"657":0,"658":1,"659":1,"660":0,"661":0,"662":1,"663":0,"664":0,"665":1,"666":0,"667":0,"668":0,"669":0,"670":1,"671":0,"672":0,"673":0,"674":0,"675":1,"676":0,"677":0,"678":0,"679":0,"680":1,"681":0,"682":0,"683":0,"684":0,"685":1,"686":1,"687":0,"688":0,"689":0,"690":0,"691":0,"692":0,"693":0,"694":0,"695":0,"696":0,"697":0,"698":0,"699":0,"700":0,"701":0,"702":0,"703":0,"704":0,"705":0,"706":0,"707":0,"708":0,"709":0,"710":0,"711":1,"712":0,"713":1,"714":0,"715":0,"716":0,"717":1,"718":0,"719":1,"720":0,"721":0,"722":0,"723":0,"724":1,"725":0,"726":0,"727":0,"728":0,"729":0,"730":0,"731":0,"732":0,"733":0,"734":0,"735":0,"736":0,"737":0,"738":0,"739":0,"740":0,"741":0,"742":0,"743":0,"744":0,"745":0,"746":0,"747":0,"748":0,"749":0,"750":0,"751":0,"752":0,"753":0,"754":0,"755":0,"756":0,"757":0,"758":0,"759":0,"760":0,"761":0,"762":0,"763":0,"764":0,"765":0,"766":0,"767":0,"768":0,"769":0,"770":0,"771":0,"772":0,"773":0,"774":0,"775":0,"776":0,"777":0,"778":0,"779":0,"780":0,"781":0,"782":0,"783":0,"784":0,"785":0,"786":0,"787":1,"788":0,"789":0,"790":1,"791":0,"792":1,"793":0,"794":0,"795":0,"796":1,"797":0,"798":0,"799":0,"800":1,"801":0,"802":0,"803":0,"804":0,"805":0,"806":0,"807":0,"808":0,"809":0,"810":0,"811":1,"812":1,"813":0,"814":0,"815":0,"816":0,"817":0,"818":0,"819":0,"820":0,"821":0,"822":0,"823":1,"824":0,"825":0,"826":0,"827":0,"828":0,"829":1,"830":1,"831":0,"832":0,"833":0,"834":0,"835":0,"836":0,"837":0,"838":1,"839":0,"840":0,"841":0,"842":0,"843":1,"844":0,"845":0,"846":0,"847":0,"848":0,"849":0,"850":0,"851":0,"852":1,"853":1,"854":1,"855":0,"856":1,"857":1,"858":1,"859":2,"860":1,"861":1,"862":1,"863":1,"864":1,"865":1,"866":1,"867":1,"868":1,"869":0,"870":0,"871":0,"872":0,"873":0,"874":1,"875":0,"876":0,"877":0,"878":0,"879":0,"880":0,"881":0,"882":0,"883":0,"884":0,"885":0,"886":0,"887":0,"888":0,"889":0,"890":0,"891":0,"892":0,"893":0,"894":0,"895":0,"896":0,"897":0,"898":0,"899":0,"900":0,"901":0,"902":0,"903":0,"904":0,"905":0,"906":0,"907":0,"908":0,"909":0,"910":0,"911":0,"912":1},"b":{"1":[0,1],"2":[0,1],"3":[0,0],"4":[0,0],"5":[0,0],"6":[0,0],"7":[0,0],"8":[0,0],"9":[0,0],"10":[0,0],"11":[0,0],"12":[0,0],"13":[0,0],"14":[0,0,0,0],"15":[0,0],"16":[0,0],"17":[0,0],"18":[5,32],"19":[32,9],"20":[3,3],"21":[4,4],"22":[8,3,1],"23":[5,0],"24":[0,0],"25":[0,0],"26":[0,0],"27":[0,0],"28":[0,0],"29":[0,0],"30":[0,0],"31":[0,0],"32":[5,0],"33":[3,2],"34":[3,1],"35":[5,0],"36":[0,5],"37":[0,0],"38":[9,0],"39":[9,5],"40":[0,10],"41":[1,9],"42":[0,9],"43":[0,9],"44":[3,6],"45":[0,3],"46":[2,4],"47":[0,4],"48":[0,44],"49":[44,0,0],"50":[0,0],"51":[0,0],"52":[0,0],"53":[0,0],"54":[44,0],"55":[0,10],"56":[1,3],"57":[4,4],"58":[1,0],"59":[0,3],"60":[3,3],"61":[0,3],"62":[3,0],"63":[0,0],"64":[0,0],"65":[0,0],"66":[0,0],"67":[0,0],"68":[0,0],"69":[0,0],"70":[0,0],"71":[0,0],"72":[0,0],"73":[0,0],"74":[0,0],"75":[0,0],"76":[0,0],"77":[5,0],"78":[5,0],"79":[0,0],"80":[7,1],"81":[0,22],"82":[1,0],"83":[1,0],"84":[0,1],"85":[0,0],"86":[0,0],"87":[1,0],"88":[0,0],"89":[0,0],"90":[0,0],"91":[0,0],"92":[0,0],"93":[0,0],"94":[0,0],"95":[0,0],"96":[0,0],"97":[0,0],"98":[0,0],"99":[0,0],"100":[0,0],"101":[0,0],"102":[0,0],"103":[0,0],"104":[0,0],"105":[0,0],"106":[0,0],"107":[0,0],"108":[0,0,0],"109":[0,0],"110":[0,0,0],"111":[0,0],"112":[0,0],"113":[0,0],"114":[0,0],"115":[0,0],"116":[0,0],"117":[0,0],"118":[0,0],"119":[0,0],"120":[0,0],"121":[0,0],"122":[0,0],"123":[0,0],"124":[0,0],"125":[0,0],"126":[0,0],"127":[0,0],"128":[0,0],"129":[0,0],"130":[0,0],"131":[0,0],"132":[0,0],"133":[0,0],"134":[0,0],"135":[0,0],"136":[0,0],"137":[0,0],"138":[0,0],"139":[0,0],"140":[0,0],"141":[0,0],"142":[0,0],"143":[0,0],"144":[0,0],"145":[0,0],"146":[0,0],"147":[0,0],"148":[0,0],"149":[0,0],"150":[0,0],"151":[0,0,0],"152":[0,0],"153":[0,0],"154":[0,0],"155":[0,0],"156":[0,0],"157":[0,0],"158":[0,0],"159":[0,0],"160":[0,0],"161":[0,0],"162":[0,0],"163":[0,0],"164":[0,0],"165":[0,0],"166":[0,0],"167":[0,0],"168":[0,0],"169":[0,0],"170":[0,0],"171":[0,0],"172":[0,0],"173":[0,0,0],"174":[0,0],"175":[0,0],"176":[0,0],"177":[0,0],"178":[2,3],"179":[5,5,3],"180":[0,5],"181":[5,0],"182":[0,5],"183":[0,5],"184":[0,5],"185":[0,5],"186":[0,5],"187":[0,18],"188":[18,6,0,0,0],"189":[2,2],"190":[1,1],"191":[1,1],"192":[1,1],"193":[1,0],"194":[1,0],"195":[1,0],"196":[0,1],"197":[0,1],"198":[0,1],"199":[0,1],"200":[0,1],"201":[0,1],"202":[0,1],"203":[0,1],"204":[0,1],"205":[0,1],"206":[0,1],"207":[0,1],"208":[1,1,0],"209":[1,0],"210":[0,1],"211":[1,1,1,0,1,0],"212":[1,1,1,1,1,1,1,1,1,1,1,0],"213":[3,2],"214":[0,0],"215":[0,0],"216":[0,0,0,0,0,0,0,0,0],"217":[0,2],"218":[2,0,0,2],"219":[2,2],"220":[2,1],"221":[0,2],"222":[0,0],"223":[0,0,0],"224":[2,0],"225":[2,2],"226":[0,1],"227":[0,0],"228":[1,0],"229":[0,0],"230":[0,0],"231":[0,0],"232":[0,0],"233":[0,0],"234":[2,0],"235":[2,2],"236":[2,0],"237":[0,0],"238":[0,0],"239":[0,0],"240":[0,0],"241":[0,0],"242":[0,0],"243":[0,0],"244":[0,0],"245":[0,0],"246":[0,0],"247":[0,0],"248":[0,0],"249":[0,0],"250":[0,0],"251":[0,0],"252":[0,0],"253":[0,0],"254":[0,0],"255":[0,0],"256":[0,0],"257":[0,0],"258":[0,0],"259":[0,0],"260":[0,0],"261":[0,0],"262":[0,0],"263":[0,0],"264":[0,0],"265":[0,0],"266":[0,0],"267":[0,0,0],"268":[0,0],"269":[0,0],"270":[0,0],"271":[0,0],"272":[0,0],"273":[0,0,0],"274":[0,0],"275":[0,0,0],"276":[0,0],"277":[0,0],"278":[0,0],"279":[0,0],"280":[0,0],"281":[0,0],"282":[0,0],"283":[0,0],"284":[0,0],"285":[0,0],"286":[0,0],"287":[0,0],"288":[0,0],"289":[0,0],"290":[0,0],"291":[0,0,0,0],"292":[0,0],"293":[0,0],"294":[0,0],"295":[0,0],"296":[0,0,0,0,0],"297":[0,0],"298":[0,0],"299":[0,0],"300":[0,0],"301":[0,0],"302":[0,0],"303":[0,0],"304":[0,0],"305":[0,0],"306":[0,0],"307":[0,0],"308":[0,0],"309":[0,0],"310":[0,0],"311":[0,0],"312":[0,0],"313":[0,0],"314":[0,0],"315":[0,0],"316":[0,0],"317":[0,0],"318":[0,0],"319":[0,0],"320":[0,0],"321":[0,0],"322":[0,0],"323":[0,0,0],"324":[0,0],"325":[0,0,0,0,0,0,0,0],"326":[0,0],"327":[0,0],"328":[0,0],"329":[2,0],"330":[1,0],"331":[1,0],"332":[0,0],"333":[0,0],"334":[0,0],"335":[0,0],"336":[0,0],"337":[0,0],"338":[0,0],"339":[0,0],"340":[0,0],"341":[0,0],"342":[0,0],"343":[0,0],"344":[0,0],"345":[0,0],"346":[0,0],"347":[0,0],"348":[0,0],"349":[0,0],"350":[0,0]},"f":{"1":1,"2":0,"3":0,"4":1,"5":0,"6":37,"7":13,"8":3,"9":4,"10":17,"11":8,"12":9,"13":13,"14":0,"15":0,"16":5,"17":0,"18":0,"19":0,"20":0,"21":0,"22":0,"23":0,"24":0,"25":0,"26":0,"27":5,"28":5,"29":0,"30":9,"31":9,"32":10,"33":10,"34":11,"35":10,"36":11,"37":4,"38":0,"39":0,"40":0,"41":0,"42":0,"43":0,"44":0,"45":0,"46":0,"47":5,"48":8,"49":0,"50":9,"51":0,"52":0,"53":0,"54":1,"55":1,"56":0,"57":0,"58":0,"59":1,"60":1,"61":8,"62":8,"63":0,"64":0,"65":0,"66":0,"67":0,"68":0,"69":0,"70":0,"71":0,"72":0,"73":0,"74":0,"75":0,"76":0,"77":0,"78":0,"79":0,"80":0,"81":0,"82":0,"83":0,"84":0,"85":0,"86":0,"87":0,"88":0,"89":0,"90":0,"91":0,"92":0,"93":0,"94":0,"95":0,"96":0,"97":0,"98":0,"99":0,"100":0,"101":0,"102":0,"103":0,"104":0,"105":0,"106":0,"107":0,"108":0,"109":0,"110":0,"111":0,"112":0,"113":0,"114":0,"115":0,"116":0,"117":0,"118":0,"119":0,"120":0,"121":0,"122":0,"123":0,"124":0,"125":0,"126":0,"127":0,"128":0,"129":0,"130":0,"131":0,"132":0,"133":0,"134":0,"135":0,"136":0,"137":0,"138":0,"139":0,"140":0,"141":0,"142":0,"143":0,"144":0,"145":0,"146":0,"147":2,"148":0,"149":0,"150":0,"151":18,"152":4,"153":5,"154":5,"155":5,"156":5,"157":18,"158":2,"159":1,"160":1,"161":1,"162":3,"163":0,"164":0,"165":2,"166":0,"167":2,"168":2,"169":2,"170":2,"171":2,"172":2,"173":0,"174":1,"175":0,"176":0,"177":0,"178":1,"179":0,"180":2,"181":2,"182":0,"183":0,"184":0,"185":0,"186":0,"187":0,"188":0,"189":0,"190":0,"191":0,"192":0,"193":0,"194":0,"195":0,"196":0,"197":0,"198":0,"199":0,"200":0,"201":0,"202":0,"203":2,"204":0,"205":0,"206":0,"207":0,"208":0,"209":0,"210":21,"211":0,"212":2,"213":0,"214":0,"215":0,"216":0,"217":1,"218":0,"219":0,"220":0,"221":0,"222":0,"223":0,"224":0,"225":0,"226":0,"227":0,"228":0,"229":0,"230":0,"231":0,"232":0,"233":0,"234":0,"235":0,"236":0,"237":0,"238":0,"239":0,"240":0,"241":0,"242":0,"243":0,"244":0,"245":0,"246":0,"247":0,"248":0,"249":0,"250":1,"251":0,"252":0,"253":0,"254":0,"255":0,"256":1,"257":0,"258":1,"259":2,"260":1,"261":0,"262":0,"263":0,"264":0,"265":0},"fnMap":{"1":{"name":"(anonymous_1)","line":4,"loc":{"start":{"line":4,"column":2},"end":{"line":4,"column":21}}},"2":{"name":"(anonymous_2)","line":6,"loc":{"start":{"line":6,"column":32},"end":{"line":6,"column":42}}},"3":{"name":"(anonymous_3)","line":11,"loc":{"start":{"line":11,"column":33},"end":{"line":11,"column":46}}},"4":{"name":"(anonymous_4)","line":37,"loc":{"start":{"line":37,"column":13},"end":{"line":37,"column":24}}},"5":{"name":"(anonymous_5)","line":69,"loc":{"start":{"line":69,"column":20},"end":{"line":69,"column":48}}},"6":{"name":"type","line":82,"loc":{"start":{"line":82,"column":4},"end":{"line":82,"column":23}}},"7":{"name":"isFunction","line":87,"loc":{"start":{"line":87,"column":4},"end":{"line":87,"column":31}}},"8":{"name":"isWindow","line":88,"loc":{"start":{"line":88,"column":4},"end":{"line":88,"column":31}}},"9":{"name":"isDocument","line":89,"loc":{"start":{"line":89,"column":4},"end":{"line":89,"column":31}}},"10":{"name":"isObject","line":90,"loc":{"start":{"line":90,"column":4},"end":{"line":90,"column":31}}},"11":{"name":"isPlainObject","line":91,"loc":{"start":{"line":91,"column":4},"end":{"line":91,"column":32}}},"12":{"name":"isArray","line":94,"loc":{"start":{"line":94,"column":4},"end":{"line":94,"column":28}}},"13":{"name":"likeArray","line":95,"loc":{"start":{"line":95,"column":4},"end":{"line":95,"column":28}}},"14":{"name":"compact","line":97,"loc":{"start":{"line":97,"column":4},"end":{"line":97,"column":28}}},"15":{"name":"(anonymous_15)","line":97,"loc":{"start":{"line":97,"column":56},"end":{"line":97,"column":70}}},"16":{"name":"flatten","line":98,"loc":{"start":{"line":98,"column":4},"end":{"line":98,"column":28}}},"17":{"name":"(anonymous_17)","line":99,"loc":{"start":{"line":99,"column":15},"end":{"line":99,"column":28}}},"18":{"name":"(anonymous_18)","line":99,"loc":{"start":{"line":99,"column":60},"end":{"line":99,"column":80}}},"19":{"name":"dasherize","line":100,"loc":{"start":{"line":100,"column":4},"end":{"line":100,"column":28}}},"20":{"name":"(anonymous_20)","line":107,"loc":{"start":{"line":107,"column":11},"end":{"line":107,"column":26}}},"21":{"name":"(anonymous_21)","line":107,"loc":{"start":{"line":107,"column":54},"end":{"line":107,"column":73}}},"22":{"name":"classRE","line":109,"loc":{"start":{"line":109,"column":4},"end":{"line":109,"column":27}}},"23":{"name":"maybeAddPx","line":114,"loc":{"start":{"line":114,"column":4},"end":{"line":114,"column":37}}},"24":{"name":"defaultDisplay","line":118,"loc":{"start":{"line":118,"column":4},"end":{"line":118,"column":38}}},"25":{"name":"children","line":131,"loc":{"start":{"line":131,"column":4},"end":{"line":131,"column":31}}},"26":{"name":"(anonymous_26)","line":134,"loc":{"start":{"line":134,"column":38},"end":{"line":134,"column":52}}},"27":{"name":"(anonymous_27)","line":142,"loc":{"start":{"line":142,"column":21},"end":{"line":142,"column":54}}},"28":{"name":"(anonymous_28)","line":149,"loc":{"start":{"line":149,"column":55},"end":{"line":149,"column":65}}},"29":{"name":"(anonymous_29)","line":154,"loc":{"start":{"line":154,"column":31},"end":{"line":154,"column":52}}},"30":{"name":"(anonymous_30)","line":166,"loc":{"start":{"line":166,"column":14},"end":{"line":166,"column":38}}},"31":{"name":"(anonymous_31)","line":175,"loc":{"start":{"line":175,"column":16},"end":{"line":175,"column":33}}},"32":{"name":"(anonymous_32)","line":183,"loc":{"start":{"line":183,"column":17},"end":{"line":183,"column":45}}},"33":{"name":"(anonymous_33)","line":214,"loc":{"start":{"line":214,"column":8},"end":{"line":214,"column":35}}},"34":{"name":"extend","line":218,"loc":{"start":{"line":218,"column":4},"end":{"line":218,"column":42}}},"35":{"name":"(anonymous_35)","line":232,"loc":{"start":{"line":232,"column":15},"end":{"line":232,"column":31}}},"36":{"name":"(anonymous_36)","line":238,"loc":{"start":{"line":238,"column":21},"end":{"line":238,"column":34}}},"37":{"name":"(anonymous_37)","line":245,"loc":{"start":{"line":245,"column":16},"end":{"line":245,"column":43}}},"38":{"name":"filtered","line":257,"loc":{"start":{"line":257,"column":4},"end":{"line":257,"column":39}}},"39":{"name":"(anonymous_39)","line":261,"loc":{"start":{"line":261,"column":17},"end":{"line":261,"column":40}}},"40":{"name":"funcArg","line":265,"loc":{"start":{"line":265,"column":4},"end":{"line":265,"column":49}}},"41":{"name":"setAttribute","line":269,"loc":{"start":{"line":269,"column":4},"end":{"line":269,"column":45}}},"42":{"name":"className","line":274,"loc":{"start":{"line":274,"column":4},"end":{"line":274,"column":35}}},"43":{"name":"deserializeValue","line":289,"loc":{"start":{"line":289,"column":4},"end":{"line":289,"column":37}}},"44":{"name":"(anonymous_44)","line":311,"loc":{"start":{"line":311,"column":22},"end":{"line":311,"column":36}}},"45":{"name":"(anonymous_45)","line":317,"loc":{"start":{"line":317,"column":16},"end":{"line":317,"column":40}}},"46":{"name":"(anonymous_46)","line":322,"loc":{"start":{"line":322,"column":13},"end":{"line":322,"column":27}}},"47":{"name":"(anonymous_47)","line":329,"loc":{"start":{"line":329,"column":12},"end":{"line":329,"column":40}}},"48":{"name":"(anonymous_48)","line":344,"loc":{"start":{"line":344,"column":13},"end":{"line":344,"column":41}}},"49":{"name":"(anonymous_49)","line":357,"loc":{"start":{"line":357,"column":13},"end":{"line":357,"column":41}}},"50":{"name":"(anonymous_50)","line":364,"loc":{"start":{"line":364,"column":87},"end":{"line":364,"column":105}}},"51":{"name":"(anonymous_51)","line":382,"loc":{"start":{"line":382,"column":13},"end":{"line":382,"column":25}}},"52":{"name":"(anonymous_52)","line":383,"loc":{"start":{"line":383,"column":33},"end":{"line":383,"column":48}}},"53":{"name":"(anonymous_53)","line":385,"loc":{"start":{"line":385,"column":15},"end":{"line":385,"column":25}}},"54":{"name":"(anonymous_54)","line":389,"loc":{"start":{"line":389,"column":15},"end":{"line":389,"column":33}}},"55":{"name":"(anonymous_55)","line":391,"loc":{"start":{"line":391,"column":63},"end":{"line":391,"column":73}}},"56":{"name":"(anonymous_56)","line":394,"loc":{"start":{"line":394,"column":13},"end":{"line":394,"column":26}}},"57":{"name":"(anonymous_57)","line":397,"loc":{"start":{"line":397,"column":17},"end":{"line":397,"column":27}}},"58":{"name":"(anonymous_58)","line":398,"loc":{"start":{"line":398,"column":14},"end":{"line":398,"column":24}}},"59":{"name":"(anonymous_59)","line":401,"loc":{"start":{"line":401,"column":16},"end":{"line":401,"column":26}}},"60":{"name":"(anonymous_60)","line":402,"loc":{"start":{"line":402,"column":29},"end":{"line":402,"column":39}}},"61":{"name":"(anonymous_61)","line":407,"loc":{"start":{"line":407,"column":14},"end":{"line":407,"column":32}}},"62":{"name":"(anonymous_62)","line":408,"loc":{"start":{"line":408,"column":40},"end":{"line":408,"column":57}}},"63":{"name":"(anonymous_63)","line":413,"loc":{"start":{"line":413,"column":16},"end":{"line":413,"column":34}}},"64":{"name":"(anonymous_64)","line":415,"loc":{"start":{"line":415,"column":39},"end":{"line":415,"column":56}}},"65":{"name":"(anonymous_65)","line":419,"loc":{"start":{"line":419,"column":13},"end":{"line":419,"column":39}}},"66":{"name":"(anonymous_66)","line":422,"loc":{"start":{"line":422,"column":12},"end":{"line":422,"column":30}}},"67":{"name":"(anonymous_67)","line":425,"loc":{"start":{"line":425,"column":13},"end":{"line":425,"column":31}}},"68":{"name":"(anonymous_68)","line":428,"loc":{"start":{"line":428,"column":26},"end":{"line":428,"column":39}}},"69":{"name":"(anonymous_69)","line":434,"loc":{"start":{"line":434,"column":29},"end":{"line":434,"column":41}}},"70":{"name":"(anonymous_70)","line":440,"loc":{"start":{"line":440,"column":13},"end":{"line":440,"column":31}}},"71":{"name":"(anonymous_71)","line":441,"loc":{"start":{"line":441,"column":31},"end":{"line":441,"column":41}}},"72":{"name":"(anonymous_72)","line":447,"loc":{"start":{"line":447,"column":12},"end":{"line":447,"column":25}}},"73":{"name":"(anonymous_73)","line":450,"loc":{"start":{"line":450,"column":15},"end":{"line":450,"column":25}}},"74":{"name":"(anonymous_74)","line":454,"loc":{"start":{"line":454,"column":14},"end":{"line":454,"column":24}}},"75":{"name":"(anonymous_75)","line":458,"loc":{"start":{"line":458,"column":14},"end":{"line":458,"column":32}}},"76":{"name":"(anonymous_76)","line":461,"loc":{"start":{"line":461,"column":44},"end":{"line":461,"column":54}}},"77":{"name":"(anonymous_77)","line":463,"loc":{"start":{"line":463,"column":55},"end":{"line":463,"column":71}}},"78":{"name":"(anonymous_78)","line":468,"loc":{"start":{"line":468,"column":35},"end":{"line":468,"column":45}}},"79":{"name":"(anonymous_79)","line":471,"loc":{"start":{"line":471,"column":17},"end":{"line":471,"column":44}}},"80":{"name":"(anonymous_80)","line":478,"loc":{"start":{"line":478,"column":17},"end":{"line":478,"column":35}}},"81":{"name":"(anonymous_81)","line":481,"loc":{"start":{"line":481,"column":37},"end":{"line":481,"column":51}}},"82":{"name":"(anonymous_82)","line":489,"loc":{"start":{"line":489,"column":16},"end":{"line":489,"column":34}}},"83":{"name":"(anonymous_83)","line":492,"loc":{"start":{"line":492,"column":18},"end":{"line":492,"column":36}}},"84":{"name":"(anonymous_84)","line":493,"loc":{"start":{"line":493,"column":37},"end":{"line":493,"column":47}}},"85":{"name":"(anonymous_85)","line":495,"loc":{"start":{"line":495,"column":18},"end":{"line":495,"column":29}}},"86":{"name":"(anonymous_86)","line":496,"loc":{"start":{"line":496,"column":28},"end":{"line":496,"column":39}}},"87":{"name":"(anonymous_87)","line":498,"loc":{"start":{"line":498,"column":18},"end":{"line":498,"column":36}}},"88":{"name":"(anonymous_88)","line":499,"loc":{"start":{"line":499,"column":37},"end":{"line":499,"column":52}}},"89":{"name":"(anonymous_89)","line":500,"loc":{"start":{"line":500,"column":60},"end":{"line":500,"column":75}}},"90":{"name":"(anonymous_90)","line":503,"loc":{"start":{"line":503,"column":15},"end":{"line":503,"column":25}}},"91":{"name":"(anonymous_91)","line":504,"loc":{"start":{"line":504,"column":29},"end":{"line":504,"column":39}}},"92":{"name":"(anonymous_92)","line":507,"loc":{"start":{"line":507,"column":15},"end":{"line":507,"column":33}}},"93":{"name":"(anonymous_93)","line":508,"loc":{"start":{"line":508,"column":31},"end":{"line":508,"column":43}}},"94":{"name":"(anonymous_94)","line":510,"loc":{"start":{"line":510,"column":14},"end":{"line":510,"column":24}}},"95":{"name":"(anonymous_95)","line":511,"loc":{"start":{"line":511,"column":29},"end":{"line":511,"column":39}}},"96":{"name":"(anonymous_96)","line":517,"loc":{"start":{"line":517,"column":21},"end":{"line":517,"column":41}}},"97":{"name":"(anonymous_97)","line":520,"loc":{"start":{"line":520,"column":14},"end":{"line":520,"column":33}}},"98":{"name":"(anonymous_98)","line":526,"loc":{"start":{"line":526,"column":29},"end":{"line":526,"column":44}}},"99":{"name":"(anonymous_99)","line":533,"loc":{"start":{"line":533,"column":17},"end":{"line":533,"column":36}}},"100":{"name":"(anonymous_100)","line":543,"loc":{"start":{"line":543,"column":19},"end":{"line":543,"column":38}}},"101":{"name":"(anonymous_101)","line":545,"loc":{"start":{"line":545,"column":29},"end":{"line":545,"column":44}}},"102":{"name":"(anonymous_102)","line":551,"loc":{"start":{"line":551,"column":16},"end":{"line":551,"column":26}}},"103":{"name":"(anonymous_103)","line":552,"loc":{"start":{"line":552,"column":31},"end":{"line":552,"column":41}}},"104":{"name":"(anonymous_104)","line":557,"loc":{"start":{"line":557,"column":15},"end":{"line":557,"column":25}}},"105":{"name":"(anonymous_105)","line":558,"loc":{"start":{"line":558,"column":28},"end":{"line":558,"column":38}}},"106":{"name":"(anonymous_106)","line":560,"loc":{"start":{"line":560,"column":14},"end":{"line":560,"column":24}}},"107":{"name":"(anonymous_107)","line":563,"loc":{"start":{"line":563,"column":16},"end":{"line":563,"column":33}}},"108":{"name":"(anonymous_108)","line":564,"loc":{"start":{"line":564,"column":29},"end":{"line":564,"column":39}}},"109":{"name":"(anonymous_109)","line":569,"loc":{"start":{"line":569,"column":14},"end":{"line":569,"column":32}}},"110":{"name":"(anonymous_110)","line":570,"loc":{"start":{"line":570,"column":14},"end":{"line":570,"column":32}}},"111":{"name":"(anonymous_111)","line":571,"loc":{"start":{"line":571,"column":14},"end":{"line":571,"column":28}}},"112":{"name":"(anonymous_112)","line":574,"loc":{"start":{"line":574,"column":26},"end":{"line":574,"column":39}}},"113":{"name":"(anonymous_113)","line":579,"loc":{"start":{"line":579,"column":14},"end":{"line":579,"column":28}}},"114":{"name":"(anonymous_114)","line":582,"loc":{"start":{"line":582,"column":26},"end":{"line":582,"column":36}}},"115":{"name":"(anonymous_115)","line":584,"loc":{"start":{"line":584,"column":14},"end":{"line":584,"column":35}}},"116":{"name":"(anonymous_116)","line":591,"loc":{"start":{"line":591,"column":26},"end":{"line":591,"column":39}}},"117":{"name":"(anonymous_117)","line":597,"loc":{"start":{"line":597,"column":20},"end":{"line":597,"column":34}}},"118":{"name":"(anonymous_118)","line":598,"loc":{"start":{"line":598,"column":29},"end":{"line":598,"column":39}}},"119":{"name":"(anonymous_119)","line":600,"loc":{"start":{"line":600,"column":14},"end":{"line":600,"column":35}}},"120":{"name":"(anonymous_120)","line":603,"loc":{"start":{"line":603,"column":26},"end":{"line":603,"column":39}}},"121":{"name":"(anonymous_121)","line":607,"loc":{"start":{"line":607,"column":14},"end":{"line":607,"column":35}}},"122":{"name":"(anonymous_122)","line":611,"loc":{"start":{"line":611,"column":13},"end":{"line":611,"column":28}}},"123":{"name":"(anonymous_123)","line":614,"loc":{"start":{"line":614,"column":53},"end":{"line":614,"column":64}}},"124":{"name":"(anonymous_124)","line":617,"loc":{"start":{"line":617,"column":26},"end":{"line":617,"column":39}}},"125":{"name":"(anonymous_125)","line":621,"loc":{"start":{"line":621,"column":16},"end":{"line":621,"column":37}}},"126":{"name":"(anonymous_126)","line":622,"loc":{"start":{"line":622,"column":46},"end":{"line":622,"column":61}}},"127":{"name":"(anonymous_127)","line":643,"loc":{"start":{"line":643,"column":13},"end":{"line":643,"column":38}}},"128":{"name":"(anonymous_128)","line":650,"loc":{"start":{"line":650,"column":30},"end":{"line":650,"column":40}}},"129":{"name":"(anonymous_129)","line":656,"loc":{"start":{"line":656,"column":34},"end":{"line":656,"column":44}}},"130":{"name":"(anonymous_130)","line":661,"loc":{"start":{"line":661,"column":29},"end":{"line":661,"column":39}}},"131":{"name":"(anonymous_131)","line":663,"loc":{"start":{"line":663,"column":15},"end":{"line":663,"column":32}}},"132":{"name":"(anonymous_132)","line":666,"loc":{"start":{"line":666,"column":18},"end":{"line":666,"column":32}}},"133":{"name":"(anonymous_133)","line":667,"loc":{"start":{"line":667,"column":46},"end":{"line":667,"column":58}}},"134":{"name":"(anonymous_134)","line":671,"loc":{"start":{"line":671,"column":18},"end":{"line":671,"column":32}}},"135":{"name":"(anonymous_135)","line":672,"loc":{"start":{"line":672,"column":29},"end":{"line":672,"column":42}}},"136":{"name":"(anonymous_136)","line":675,"loc":{"start":{"line":675,"column":46},"end":{"line":675,"column":61}}},"137":{"name":"(anonymous_137)","line":681,"loc":{"start":{"line":681,"column":21},"end":{"line":681,"column":35}}},"138":{"name":"(anonymous_138)","line":682,"loc":{"start":{"line":682,"column":29},"end":{"line":682,"column":42}}},"139":{"name":"(anonymous_139)","line":685,"loc":{"start":{"line":685,"column":74},"end":{"line":685,"column":89}}},"140":{"name":"(anonymous_140)","line":691,"loc":{"start":{"line":691,"column":21},"end":{"line":691,"column":41}}},"141":{"name":"(anonymous_141)","line":692,"loc":{"start":{"line":692,"column":29},"end":{"line":692,"column":42}}},"142":{"name":"(anonymous_142)","line":694,"loc":{"start":{"line":694,"column":44},"end":{"line":694,"column":59}}},"143":{"name":"(anonymous_143)","line":700,"loc":{"start":{"line":700,"column":19},"end":{"line":700,"column":29}}},"144":{"name":"(anonymous_144)","line":704,"loc":{"start":{"line":704,"column":18},"end":{"line":704,"column":29}}},"145":{"name":"(anonymous_145)","line":730,"loc":{"start":{"line":730,"column":22},"end":{"line":730,"column":33}}},"146":{"name":"(anonymous_146)","line":731,"loc":{"start":{"line":731,"column":28},"end":{"line":731,"column":38}}},"147":{"name":"(anonymous_147)","line":744,"loc":{"start":{"line":744,"column":33},"end":{"line":744,"column":52}}},"148":{"name":"(anonymous_148)","line":745,"loc":{"start":{"line":745,"column":26},"end":{"line":745,"column":41}}},"149":{"name":"(anonymous_149)","line":747,"loc":{"start":{"line":747,"column":51},"end":{"line":747,"column":62}}},"150":{"name":"(anonymous_150)","line":751,"loc":{"start":{"line":751,"column":34},"end":{"line":751,"column":47}}},"151":{"name":"traverseNode","line":758,"loc":{"start":{"line":758,"column":4},"end":{"line":758,"column":37}}},"152":{"name":"(anonymous_152)","line":765,"loc":{"start":{"line":765,"column":31},"end":{"line":765,"column":65}}},"153":{"name":"(anonymous_153)","line":768,"loc":{"start":{"line":768,"column":25},"end":{"line":768,"column":35}}},"154":{"name":"(anonymous_154)","line":770,"loc":{"start":{"line":770,"column":50},"end":{"line":770,"column":64}}},"155":{"name":"(anonymous_155)","line":778,"loc":{"start":{"line":778,"column":29},"end":{"line":778,"column":48}}},"156":{"name":"(anonymous_156)","line":787,"loc":{"start":{"line":787,"column":30},"end":{"line":787,"column":44}}},"157":{"name":"(anonymous_157)","line":791,"loc":{"start":{"line":791,"column":68},"end":{"line":791,"column":80}}},"158":{"name":"(anonymous_158)","line":804,"loc":{"start":{"line":804,"column":87},"end":{"line":804,"column":101}}},"159":{"name":"(anonymous_159)","line":823,"loc":{"start":{"line":823,"column":2},"end":{"line":823,"column":13}}},"160":{"name":"detect","line":824,"loc":{"start":{"line":824,"column":4},"end":{"line":824,"column":23}}},"161":{"name":"(anonymous_161)","line":875,"loc":{"start":{"line":875,"column":2},"end":{"line":875,"column":13}}},"162":{"name":"zid","line":881,"loc":{"start":{"line":881,"column":4},"end":{"line":881,"column":26}}},"163":{"name":"findHandlers","line":884,"loc":{"start":{"line":884,"column":4},"end":{"line":884,"column":56}}},"164":{"name":"(anonymous_164)","line":887,"loc":{"start":{"line":887,"column":53},"end":{"line":887,"column":71}}},"165":{"name":"parse","line":895,"loc":{"start":{"line":895,"column":4},"end":{"line":895,"column":26}}},"166":{"name":"matcherFor","line":899,"loc":{"start":{"line":899,"column":4},"end":{"line":899,"column":28}}},"167":{"name":"eachEvent","line":903,"loc":{"start":{"line":903,"column":4},"end":{"line":903,"column":44}}},"168":{"name":"(anonymous_168)","line":905,"loc":{"start":{"line":905,"column":40},"end":{"line":905,"column":54}}},"169":{"name":"eventCapture","line":908,"loc":{"start":{"line":908,"column":4},"end":{"line":908,"column":51}}},"170":{"name":"realEvent","line":914,"loc":{"start":{"line":914,"column":4},"end":{"line":914,"column":29}}},"171":{"name":"add","line":918,"loc":{"start":{"line":918,"column":4},"end":{"line":918,"column":69}}},"172":{"name":"(anonymous_172)","line":920,"loc":{"start":{"line":920,"column":30},"end":{"line":920,"column":49}}},"173":{"name":"(anonymous_173)","line":925,"loc":{"start":{"line":925,"column":41},"end":{"line":925,"column":52}}},"174":{"name":"(anonymous_174)","line":932,"loc":{"start":{"line":932,"column":28},"end":{"line":932,"column":41}}},"175":{"name":"remove","line":942,"loc":{"start":{"line":942,"column":4},"end":{"line":942,"column":59}}},"176":{"name":"(anonymous_176)","line":944,"loc":{"start":{"line":944,"column":36},"end":{"line":944,"column":55}}},"177":{"name":"(anonymous_177)","line":945,"loc":{"start":{"line":945,"column":63},"end":{"line":945,"column":80}}},"178":{"name":"(anonymous_178)","line":954,"loc":{"start":{"line":954,"column":14},"end":{"line":954,"column":36}}},"179":{"name":"(anonymous_179)","line":956,"loc":{"start":{"line":956,"column":26},"end":{"line":956,"column":36}}},"180":{"name":"(anonymous_180)","line":966,"loc":{"start":{"line":966,"column":16},"end":{"line":966,"column":41}}},"181":{"name":"(anonymous_181)","line":967,"loc":{"start":{"line":967,"column":25},"end":{"line":967,"column":35}}},"182":{"name":"(anonymous_182)","line":971,"loc":{"start":{"line":971,"column":18},"end":{"line":971,"column":43}}},"183":{"name":"(anonymous_183)","line":972,"loc":{"start":{"line":972,"column":25},"end":{"line":972,"column":35}}},"184":{"name":"(anonymous_184)","line":976,"loc":{"start":{"line":976,"column":15},"end":{"line":976,"column":40}}},"185":{"name":"(anonymous_185)","line":977,"loc":{"start":{"line":977,"column":25},"end":{"line":977,"column":45}}},"186":{"name":"(anonymous_186)","line":978,"loc":{"start":{"line":978,"column":45},"end":{"line":978,"column":63}}},"187":{"name":"(anonymous_187)","line":979,"loc":{"start":{"line":979,"column":23},"end":{"line":979,"column":33}}},"188":{"name":"(anonymous_188)","line":988,"loc":{"start":{"line":988,"column":21},"end":{"line":988,"column":31}}},"189":{"name":"(anonymous_189)","line":989,"loc":{"start":{"line":989,"column":22},"end":{"line":989,"column":32}}},"190":{"name":"createProxy","line":996,"loc":{"start":{"line":996,"column":4},"end":{"line":996,"column":32}}},"191":{"name":"(anonymous_191)","line":1001,"loc":{"start":{"line":1001,"column":29},"end":{"line":1001,"column":55}}},"192":{"name":"(anonymous_192)","line":1002,"loc":{"start":{"line":1002,"column":26},"end":{"line":1002,"column":36}}},"193":{"name":"fix","line":1012,"loc":{"start":{"line":1012,"column":4},"end":{"line":1012,"column":24}}},"194":{"name":"(anonymous_194)","line":1016,"loc":{"start":{"line":1016,"column":35},"end":{"line":1016,"column":46}}},"195":{"name":"(anonymous_195)","line":1023,"loc":{"start":{"line":1023,"column":20},"end":{"line":1023,"column":55}}},"196":{"name":"(anonymous_196)","line":1024,"loc":{"start":{"line":1024,"column":25},"end":{"line":1024,"column":45}}},"197":{"name":"(anonymous_197)","line":1025,"loc":{"start":{"line":1025,"column":52},"end":{"line":1025,"column":64}}},"198":{"name":"(anonymous_198)","line":1026,"loc":{"start":{"line":1026,"column":23},"end":{"line":1026,"column":34}}},"199":{"name":"(anonymous_199)","line":1036,"loc":{"start":{"line":1036,"column":22},"end":{"line":1036,"column":57}}},"200":{"name":"(anonymous_200)","line":1037,"loc":{"start":{"line":1037,"column":25},"end":{"line":1037,"column":35}}},"201":{"name":"(anonymous_201)","line":1042,"loc":{"start":{"line":1042,"column":16},"end":{"line":1042,"column":41}}},"202":{"name":"(anonymous_202)","line":1046,"loc":{"start":{"line":1046,"column":15},"end":{"line":1046,"column":40}}},"203":{"name":"(anonymous_203)","line":1051,"loc":{"start":{"line":1051,"column":14},"end":{"line":1051,"column":49}}},"204":{"name":"(anonymous_204)","line":1055,"loc":{"start":{"line":1055,"column":15},"end":{"line":1055,"column":50}}},"205":{"name":"(anonymous_205)","line":1060,"loc":{"start":{"line":1060,"column":19},"end":{"line":1060,"column":40}}},"206":{"name":"(anonymous_206)","line":1064,"loc":{"start":{"line":1064,"column":25},"end":{"line":1064,"column":35}}},"207":{"name":"(anonymous_207)","line":1073,"loc":{"start":{"line":1073,"column":26},"end":{"line":1073,"column":47}}},"208":{"name":"(anonymous_208)","line":1075,"loc":{"start":{"line":1075,"column":18},"end":{"line":1075,"column":38}}},"209":{"name":"(anonymous_209)","line":1079,"loc":{"start":{"line":1079,"column":63},"end":{"line":1079,"column":83}}},"210":{"name":"(anonymous_210)","line":1090,"loc":{"start":{"line":1090,"column":73},"end":{"line":1090,"column":89}}},"211":{"name":"(anonymous_211)","line":1091,"loc":{"start":{"line":1091,"column":26},"end":{"line":1091,"column":45}}},"212":{"name":"(anonymous_212)","line":1098,"loc":{"start":{"line":1098,"column":31},"end":{"line":1098,"column":46}}},"213":{"name":"(anonymous_213)","line":1099,"loc":{"start":{"line":1099,"column":21},"end":{"line":1099,"column":40}}},"214":{"name":"(anonymous_214)","line":1101,"loc":{"start":{"line":1101,"column":27},"end":{"line":1101,"column":37}}},"215":{"name":"(anonymous_215)","line":1109,"loc":{"start":{"line":1109,"column":14},"end":{"line":1109,"column":36}}},"216":{"name":"(anonymous_216)","line":1114,"loc":{"start":{"line":1114,"column":35},"end":{"line":1114,"column":45}}},"217":{"name":"(anonymous_217)","line":1120,"loc":{"start":{"line":1120,"column":2},"end":{"line":1120,"column":13}}},"218":{"name":"triggerAndReturn","line":1133,"loc":{"start":{"line":1133,"column":4},"end":{"line":1133,"column":56}}},"219":{"name":"triggerGlobal","line":1140,"loc":{"start":{"line":1140,"column":4},"end":{"line":1140,"column":63}}},"220":{"name":"ajaxStart","line":1147,"loc":{"start":{"line":1147,"column":4},"end":{"line":1147,"column":33}}},"221":{"name":"ajaxStop","line":1150,"loc":{"start":{"line":1150,"column":4},"end":{"line":1150,"column":32}}},"222":{"name":"ajaxBeforeSend","line":1155,"loc":{"start":{"line":1155,"column":4},"end":{"line":1155,"column":43}}},"223":{"name":"ajaxSuccess","line":1163,"loc":{"start":{"line":1163,"column":4},"end":{"line":1163,"column":46}}},"224":{"name":"ajaxError","line":1170,"loc":{"start":{"line":1170,"column":4},"end":{"line":1170,"column":51}}},"225":{"name":"ajaxComplete","line":1177,"loc":{"start":{"line":1177,"column":4},"end":{"line":1177,"column":49}}},"226":{"name":"empty","line":1185,"loc":{"start":{"line":1185,"column":4},"end":{"line":1185,"column":21}}},"227":{"name":"(anonymous_227)","line":1187,"loc":{"start":{"line":1187,"column":18},"end":{"line":1187,"column":35}}},"228":{"name":"(anonymous_228)","line":1192,"loc":{"start":{"line":1192,"column":22},"end":{"line":1192,"column":33}}},"229":{"name":"(anonymous_229)","line":1197,"loc":{"start":{"line":1197,"column":20},"end":{"line":1197,"column":34}}},"230":{"name":"(anonymous_230)","line":1211,"loc":{"start":{"line":1211,"column":31},"end":{"line":1211,"column":45}}},"231":{"name":"(anonymous_231)","line":1216,"loc":{"start":{"line":1216,"column":25},"end":{"line":1216,"column":36}}},"232":{"name":"(anonymous_232)","line":1221,"loc":{"start":{"line":1221,"column":59},"end":{"line":1221,"column":69}}},"233":{"name":"(anonymous_233)","line":1244,"loc":{"start":{"line":1244,"column":13},"end":{"line":1244,"column":25}}},"234":{"name":"mimeToDataType","line":1265,"loc":{"start":{"line":1265,"column":4},"end":{"line":1265,"column":34}}},"235":{"name":"appendQuery","line":1273,"loc":{"start":{"line":1273,"column":4},"end":{"line":1273,"column":37}}},"236":{"name":"serializeData","line":1278,"loc":{"start":{"line":1278,"column":4},"end":{"line":1278,"column":36}}},"237":{"name":"(anonymous_237)","line":1285,"loc":{"start":{"line":1285,"column":13},"end":{"line":1285,"column":30}}},"238":{"name":"(anonymous_238)","line":1319,"loc":{"start":{"line":1319,"column":33},"end":{"line":1319,"column":43}}},"239":{"name":"(anonymous_239)","line":1353,"loc":{"start":{"line":1353,"column":60},"end":{"line":1353,"column":70}}},"240":{"name":"parseArguments","line":1365,"loc":{"start":{"line":1365,"column":4},"end":{"line":1365,"column":58}}},"241":{"name":"(anonymous_241)","line":1375,"loc":{"start":{"line":1375,"column":12},"end":{"line":1375,"column":50}}},"242":{"name":"(anonymous_242)","line":1379,"loc":{"start":{"line":1379,"column":13},"end":{"line":1379,"column":51}}},"243":{"name":"(anonymous_243)","line":1385,"loc":{"start":{"line":1385,"column":16},"end":{"line":1385,"column":44}}},"244":{"name":"(anonymous_244)","line":1391,"loc":{"start":{"line":1391,"column":16},"end":{"line":1391,"column":44}}},"245":{"name":"(anonymous_245)","line":1397,"loc":{"start":{"line":1397,"column":26},"end":{"line":1397,"column":44}}},"246":{"name":"serialize","line":1409,"loc":{"start":{"line":1409,"column":4},"end":{"line":1409,"column":55}}},"247":{"name":"(anonymous_247)","line":1411,"loc":{"start":{"line":1411,"column":20},"end":{"line":1411,"column":41}}},"248":{"name":"(anonymous_248)","line":1423,"loc":{"start":{"line":1423,"column":14},"end":{"line":1423,"column":40}}},"249":{"name":"(anonymous_249)","line":1425,"loc":{"start":{"line":1425,"column":21},"end":{"line":1425,"column":35}}},"250":{"name":"(anonymous_250)","line":1431,"loc":{"start":{"line":1431,"column":2},"end":{"line":1431,"column":15}}},"251":{"name":"(anonymous_251)","line":1432,"loc":{"start":{"line":1432,"column":26},"end":{"line":1432,"column":38}}},"252":{"name":"(anonymous_252)","line":1434,"loc":{"start":{"line":1434,"column":67},"end":{"line":1434,"column":79}}},"253":{"name":"(anonymous_253)","line":1448,"loc":{"start":{"line":1448,"column":21},"end":{"line":1448,"column":33}}},"254":{"name":"(anonymous_254)","line":1450,"loc":{"start":{"line":1450,"column":38},"end":{"line":1450,"column":53}}},"255":{"name":"(anonymous_255)","line":1456,"loc":{"start":{"line":1456,"column":18},"end":{"line":1456,"column":38}}},"256":{"name":"(anonymous_256)","line":1468,"loc":{"start":{"line":1468,"column":2},"end":{"line":1468,"column":24}}},"257":{"name":"dasherize","line":1478,"loc":{"start":{"line":1478,"column":4},"end":{"line":1478,"column":28}}},"258":{"name":"downcase","line":1479,"loc":{"start":{"line":1479,"column":4},"end":{"line":1479,"column":27}}},"259":{"name":"normalizeEvent","line":1480,"loc":{"start":{"line":1480,"column":4},"end":{"line":1480,"column":34}}},"260":{"name":"(anonymous_260)","line":1482,"loc":{"start":{"line":1482,"column":20},"end":{"line":1482,"column":43}}},"261":{"name":"(anonymous_261)","line":1506,"loc":{"start":{"line":1506,"column":19},"end":{"line":1506,"column":65}}},"262":{"name":"(anonymous_262)","line":1514,"loc":{"start":{"line":1514,"column":16},"end":{"line":1514,"column":62}}},"263":{"name":"(anonymous_263)","line":1542,"loc":{"start":{"line":1542,"column":26},"end":{"line":1542,"column":41}}},"264":{"name":"(anonymous_264)","line":1557,"loc":{"start":{"line":1557,"column":38},"end":{"line":1557,"column":49}}},"265":{"name":"(anonymous_265)","line":1558,"loc":{"start":{"line":1558,"column":22},"end":{"line":1558,"column":32}}}},"statementMap":{"1":{"start":{"line":4,"column":1},"end":{"line":37,"column":0}},"2":{"start":{"line":5,"column":4},"end":{"line":10,"column":4}},"3":{"start":{"line":6,"column":8},"end":{"line":10,"column":4}},"4":{"start":{"line":6,"column":44},"end":{"line":6,"column":82}},"5":{"start":{"line":10,"column":4},"end":{"line":35,"column":0}},"6":{"start":{"line":11,"column":8},"end":{"line":35,"column":0}},"7":{"start":{"line":12,"column":12},"end":{"line":13,"column":12}},"8":{"start":{"line":12,"column":49},"end":{"line":13,"column":12}},"9":{"start":{"line":13,"column":12},"end":{"line":14,"column":12}},"10":{"start":{"line":14,"column":12},"end":{"line":15,"column":12}},"11":{"start":{"line":14,"column":41},"end":{"line":15,"column":12}},"12":{"start":{"line":15,"column":12},"end":{"line":17,"column":12}},"13":{"start":{"line":15,"column":50},"end":{"line":17,"column":12}},"14":{"start":{"line":17,"column":12},"end":{"line":26,"column":30}},"15":{"start":{"line":18,"column":16},"end":{"line":19,"column":12}},"16":{"start":{"line":20,"column":16},"end":{"line":26,"column":30}},"17":{"start":{"line":21,"column":20},"end":{"line":24,"column":21}},"18":{"start":{"line":22,"column":24},"end":{"line":23,"column":24}},"19":{"start":{"line":23,"column":24},"end":{"line":23,"column":29}},"20":{"start":{"line":25,"column":20},"end":{"line":26,"column":16}},"21":{"start":{"line":25,"column":35},"end":{"line":26,"column":16}},"22":{"start":{"line":28,"column":12},"end":{"line":31,"column":13}},"23":{"start":{"line":29,"column":16},"end":{"line":30,"column":16}},"24":{"start":{"line":29,"column":27},"end":{"line":30,"column":16}},"25":{"start":{"line":30,"column":16},"end":{"line":31,"column":12}},"26":{"start":{"line":32,"column":12},"end":{"line":33,"column":8}},"27":{"start":{"line":37,"column":0},"end":{"line":820,"column":0}},"28":{"start":{"line":38,"column":4},"end":{"line":69,"column":4}},"29":{"start":{"line":69,"column":4},"end":{"line":82,"column":4}},"30":{"start":{"line":70,"column":8},"end":{"line":71,"column":8}},"31":{"start":{"line":70,"column":48},"end":{"line":71,"column":8}},"32":{"start":{"line":71,"column":8},"end":{"line":73,"column":8}},"33":{"start":{"line":73,"column":8},"end":{"line":75,"column":8}},"34":{"start":{"line":73,"column":29},"end":{"line":75,"column":8}},"35":{"start":{"line":75,"column":8},"end":{"line":76,"column":8}},"36":{"start":{"line":76,"column":8},"end":{"line":77,"column":8}},"37":{"start":{"line":76,"column":18},"end":{"line":77,"column":8}},"38":{"start":{"line":77,"column":8},"end":{"line":78,"column":8}},"39":{"start":{"line":78,"column":8},"end":{"line":79,"column":8}},"40":{"start":{"line":79,"column":8},"end":{"line":80,"column":4}},"41":{"start":{"line":82,"column":4},"end":{"line":85,"column":5}},"42":{"start":{"line":83,"column":8},"end":{"line":85,"column":4}},"43":{"start":{"line":87,"column":4},"end":{"line":87,"column":67}},"44":{"start":{"line":87,"column":33},"end":{"line":87,"column":66}},"45":{"start":{"line":88,"column":4},"end":{"line":88,"column":74}},"46":{"start":{"line":88,"column":33},"end":{"line":88,"column":73}},"47":{"start":{"line":89,"column":4},"end":{"line":89,"column":90}},"48":{"start":{"line":89,"column":33},"end":{"line":89,"column":89}},"49":{"start":{"line":90,"column":4},"end":{"line":90,"column":63}},"50":{"start":{"line":90,"column":33},"end":{"line":90,"column":62}},"51":{"start":{"line":91,"column":4},"end":{"line":93,"column":5}},"52":{"start":{"line":92,"column":8},"end":{"line":93,"column":4}},"53":{"start":{"line":94,"column":4},"end":{"line":94,"column":61}},"54":{"start":{"line":94,"column":30},"end":{"line":94,"column":60}},"55":{"start":{"line":95,"column":4},"end":{"line":95,"column":68}},"56":{"start":{"line":95,"column":30},"end":{"line":95,"column":67}},"57":{"start":{"line":97,"column":4},"end":{"line":97,"column":96}},"58":{"start":{"line":97,"column":30},"end":{"line":97,"column":95}},"59":{"start":{"line":97,"column":72},"end":{"line":97,"column":92}},"60":{"start":{"line":98,"column":4},"end":{"line":98,"column":94}},"61":{"start":{"line":98,"column":30},"end":{"line":98,"column":93}},"62":{"start":{"line":99,"column":4},"end":{"line":100,"column":4}},"63":{"start":{"line":99,"column":30},"end":{"line":99,"column":121}},"64":{"start":{"line":99,"column":82},"end":{"line":99,"column":118}},"65":{"start":{"line":100,"column":4},"end":{"line":106,"column":5}},"66":{"start":{"line":101,"column":8},"end":{"line":106,"column":4}},"67":{"start":{"line":107,"column":4},"end":{"line":109,"column":4}},"68":{"start":{"line":107,"column":28},"end":{"line":107,"column":112}},"69":{"start":{"line":107,"column":75},"end":{"line":107,"column":109}},"70":{"start":{"line":109,"column":4},"end":{"line":112,"column":5}},"71":{"start":{"line":110,"column":8},"end":{"line":112,"column":4}},"72":{"start":{"line":114,"column":4},"end":{"line":116,"column":5}},"73":{"start":{"line":115,"column":8},"end":{"line":116,"column":4}},"74":{"start":{"line":118,"column":4},"end":{"line":129,"column":5}},"75":{"start":{"line":119,"column":8},"end":{"line":120,"column":8}},"76":{"start":{"line":120,"column":8},"end":{"line":127,"column":9}},"77":{"start":{"line":121,"column":12},"end":{"line":122,"column":12}},"78":{"start":{"line":122,"column":12},"end":{"line":123,"column":12}},"79":{"start":{"line":123,"column":12},"end":{"line":124,"column":12}},"80":{"start":{"line":124,"column":12},"end":{"line":125,"column":12}},"81":{"start":{"line":125,"column":12},"end":{"line":126,"column":12}},"82":{"start":{"line":126,"column":12},"end":{"line":127,"column":8}},"83":{"start":{"line":128,"column":8},"end":{"line":129,"column":4}},"84":{"start":{"line":131,"column":4},"end":{"line":135,"column":5}},"85":{"start":{"line":132,"column":8},"end":{"line":135,"column":4}},"86":{"start":{"line":134,"column":54},"end":{"line":134,"column":90}},"87":{"start":{"line":134,"column":78},"end":{"line":134,"column":90}},"88":{"start":{"line":142,"column":4},"end":{"line":166,"column":4}},"89":{"start":{"line":143,"column":8},"end":{"line":144,"column":8}},"90":{"start":{"line":143,"column":26},"end":{"line":144,"column":8}},"91":{"start":{"line":144,"column":8},"end":{"line":145,"column":8}},"92":{"start":{"line":144,"column":32},"end":{"line":145,"column":8}},"93":{"start":{"line":145,"column":8},"end":{"line":147,"column":8}},"94":{"start":{"line":145,"column":35},"end":{"line":147,"column":8}},"95":{"start":{"line":147,"column":8},"end":{"line":148,"column":8}},"96":{"start":{"line":148,"column":8},"end":{"line":149,"column":8}},"97":{"start":{"line":149,"column":8},"end":{"line":152,"column":8}},"98":{"start":{"line":150,"column":12},"end":{"line":151,"column":8}},"99":{"start":{"line":152,"column":8},"end":{"line":158,"column":9}},"100":{"start":{"line":153,"column":12},"end":{"line":154,"column":12}},"101":{"start":{"line":154,"column":12},"end":{"line":158,"column":8}},"102":{"start":{"line":155,"column":16},"end":{"line":157,"column":12}},"103":{"start":{"line":155,"column":56},"end":{"line":156,"column":16}},"104":{"start":{"line":156,"column":21},"end":{"line":157,"column":12}},"105":{"start":{"line":159,"column":8},"end":{"line":160,"column":4}},"106":{"start":{"line":166,"column":4},"end":{"line":175,"column":4}},"107":{"start":{"line":167,"column":8},"end":{"line":168,"column":8}},"108":{"start":{"line":168,"column":8},"end":{"line":169,"column":8}},"109":{"start":{"line":169,"column":8},"end":{"line":170,"column":8}},"110":{"start":{"line":170,"column":8},"end":{"line":171,"column":4}},"111":{"start":{"line":175,"column":4},"end":{"line":183,"column":4}},"112":{"start":{"line":176,"column":8},"end":{"line":177,"column":4}},"113":{"start":{"line":183,"column":4},"end":{"line":214,"column":4}},"114":{"start":{"line":185,"column":8},"end":{"line":207,"column":9}},"115":{"start":{"line":185,"column":23},"end":{"line":187,"column":8}},"116":{"start":{"line":187,"column":13},"end":{"line":207,"column":9}},"117":{"start":{"line":187,"column":39},"end":{"line":189,"column":8}},"118":{"start":{"line":189,"column":13},"end":{"line":207,"column":9}},"119":{"start":{"line":189,"column":38},"end":{"line":190,"column":8}},"120":{"start":{"line":191,"column":12},"end":{"line":193,"column":12}},"121":{"start":{"line":193,"column":12},"end":{"line":206,"column":12}},"122":{"start":{"line":193,"column":35},"end":{"line":195,"column":12}},"123":{"start":{"line":195,"column":17},"end":{"line":206,"column":12}},"124":{"start":{"line":196,"column":16},"end":{"line":198,"column":12}},"125":{"start":{"line":198,"column":17},"end":{"line":206,"column":12}},"126":{"start":{"line":199,"column":16},"end":{"line":202,"column":12}},"127":{"start":{"line":202,"column":17},"end":{"line":206,"column":12}},"128":{"start":{"line":202,"column":44},"end":{"line":204,"column":12}},"129":{"start":{"line":204,"column":17},"end":{"line":206,"column":12}},"130":{"start":{"line":206,"column":12},"end":{"line":207,"column":8}},"131":{"start":{"line":214,"column":4},"end":{"line":218,"column":4}},"132":{"start":{"line":215,"column":8},"end":{"line":216,"column":4}},"133":{"start":{"line":218,"column":4},"end":{"line":228,"column":5}},"134":{"start":{"line":219,"column":8},"end":{"line":228,"column":4}},"135":{"start":{"line":220,"column":12},"end":{"line":228,"column":4}},"136":{"start":{"line":221,"column":16},"end":{"line":223,"column":16}},"137":{"start":{"line":222,"column":20},"end":{"line":223,"column":16}},"138":{"start":{"line":223,"column":16},"end":{"line":225,"column":16}},"139":{"start":{"line":224,"column":20},"end":{"line":225,"column":16}},"140":{"start":{"line":225,"column":16},"end":{"line":226,"column":12}},"141":{"start":{"line":227,"column":17},"end":{"line":228,"column":4}},"142":{"start":{"line":227,"column":48},"end":{"line":228,"column":4}},"143":{"start":{"line":232,"column":4},"end":{"line":245,"column":4}},"144":{"start":{"line":233,"column":8},"end":{"line":234,"column":8}},"145":{"start":{"line":234,"column":8},"end":{"line":237,"column":9}},"146":{"start":{"line":235,"column":12},"end":{"line":236,"column":12}},"147":{"start":{"line":236,"column":12},"end":{"line":237,"column":8}},"148":{"start":{"line":238,"column":8},"end":{"line":239,"column":8}},"149":{"start":{"line":238,"column":36},"end":{"line":238,"column":62}},"150":{"start":{"line":239,"column":8},"end":{"line":240,"column":4}},"151":{"start":{"line":245,"column":4},"end":{"line":257,"column":4}},"152":{"start":{"line":246,"column":8},"end":{"line":247,"column":8}},"153":{"start":{"line":247,"column":8},"end":{"line":255,"column":4}},"154":{"start":{"line":257,"column":4},"end":{"line":259,"column":5}},"155":{"start":{"line":258,"column":8},"end":{"line":259,"column":4}},"156":{"start":{"line":261,"column":4},"end":{"line":265,"column":4}},"157":{"start":{"line":262,"column":8},"end":{"line":263,"column":4}},"158":{"start":{"line":265,"column":4},"end":{"line":267,"column":5}},"159":{"start":{"line":266,"column":8},"end":{"line":267,"column":4}},"160":{"start":{"line":269,"column":4},"end":{"line":271,"column":5}},"161":{"start":{"line":270,"column":8},"end":{"line":271,"column":4}},"162":{"start":{"line":274,"column":4},"end":{"line":280,"column":5}},"163":{"start":{"line":275,"column":8},"end":{"line":278,"column":8}},"164":{"start":{"line":278,"column":8},"end":{"line":279,"column":8}},"165":{"start":{"line":278,"column":33},"end":{"line":279,"column":8}},"166":{"start":{"line":279,"column":8},"end":{"line":280,"column":4}},"167":{"start":{"line":289,"column":4},"end":{"line":303,"column":5}},"168":{"start":{"line":290,"column":8},"end":{"line":291,"column":8}},"169":{"start":{"line":291,"column":8},"end":{"line":302,"column":9}},"170":{"start":{"line":292,"column":12},"end":{"line":300,"column":8}},"171":{"start":{"line":301,"column":12},"end":{"line":302,"column":8}},"172":{"start":{"line":305,"column":4},"end":{"line":306,"column":4}},"173":{"start":{"line":306,"column":4},"end":{"line":307,"column":4}},"174":{"start":{"line":307,"column":4},"end":{"line":308,"column":4}},"175":{"start":{"line":308,"column":4},"end":{"line":309,"column":4}},"176":{"start":{"line":309,"column":4},"end":{"line":311,"column":4}},"177":{"start":{"line":311,"column":4},"end":{"line":317,"column":4}},"178":{"start":{"line":312,"column":8},"end":{"line":313,"column":8}},"179":{"start":{"line":313,"column":8},"end":{"line":314,"column":8}},"180":{"start":{"line":313,"column":26},"end":{"line":314,"column":8}},"181":{"start":{"line":314,"column":8},"end":{"line":315,"column":4}},"182":{"start":{"line":317,"column":4},"end":{"line":321,"column":4}},"183":{"start":{"line":318,"column":8},"end":{"line":319,"column":4}},"184":{"start":{"line":321,"column":4},"end":{"line":322,"column":4}},"185":{"start":{"line":322,"column":4},"end":{"line":325,"column":4}},"186":{"start":{"line":322,"column":29},"end":{"line":322,"column":47}},"187":{"start":{"line":325,"column":4},"end":{"line":326,"column":4}},"188":{"start":{"line":326,"column":4},"end":{"line":327,"column":4}},"189":{"start":{"line":327,"column":4},"end":{"line":329,"column":4}},"190":{"start":{"line":329,"column":4},"end":{"line":344,"column":4}},"191":{"start":{"line":330,"column":8},"end":{"line":331,"column":8}},"192":{"start":{"line":331,"column":8},"end":{"line":340,"column":13}},"193":{"start":{"line":332,"column":12},"end":{"line":335,"column":13}},"194":{"start":{"line":333,"column":16},"end":{"line":334,"column":16}},"195":{"start":{"line":334,"column":16},"end":{"line":335,"column":12}},"196":{"start":{"line":334,"column":35},"end":{"line":335,"column":12}},"197":{"start":{"line":337,"column":12},"end":{"line":340,"column":13}},"198":{"start":{"line":338,"column":16},"end":{"line":339,"column":16}},"199":{"start":{"line":339,"column":16},"end":{"line":340,"column":12}},"200":{"start":{"line":339,"column":35},"end":{"line":340,"column":12}},"201":{"start":{"line":341,"column":8},"end":{"line":342,"column":4}},"202":{"start":{"line":344,"column":4},"end":{"line":357,"column":4}},"203":{"start":{"line":345,"column":8},"end":{"line":346,"column":8}},"204":{"start":{"line":346,"column":8},"end":{"line":352,"column":9}},"205":{"start":{"line":347,"column":12},"end":{"line":349,"column":8}},"206":{"start":{"line":348,"column":16},"end":{"line":349,"column":8}},"207":{"start":{"line":348,"column":74},"end":{"line":349,"column":8}},"208":{"start":{"line":350,"column":12},"end":{"line":352,"column":8}},"209":{"start":{"line":351,"column":16},"end":{"line":352,"column":8}},"210":{"start":{"line":351,"column":80},"end":{"line":352,"column":8}},"211":{"start":{"line":354,"column":8},"end":{"line":355,"column":4}},"212":{"start":{"line":357,"column":4},"end":{"line":361,"column":4}},"213":{"start":{"line":358,"column":8},"end":{"line":359,"column":4}},"214":{"start":{"line":361,"column":4},"end":{"line":364,"column":4}},"215":{"start":{"line":361,"column":21},"end":{"line":364,"column":4}},"216":{"start":{"line":364,"column":4},"end":{"line":370,"column":4}},"217":{"start":{"line":365,"column":8},"end":{"line":366,"column":4}},"218":{"start":{"line":370,"column":4},"end":{"line":741,"column":4}},"219":{"start":{"line":383,"column":12},"end":{"line":384,"column":8}},"220":{"start":{"line":383,"column":50},"end":{"line":383,"column":76}},"221":{"start":{"line":386,"column":12},"end":{"line":387,"column":8}},"222":{"start":{"line":390,"column":12},"end":{"line":392,"column":12}},"223":{"start":{"line":390,"column":51},"end":{"line":391,"column":12}},"224":{"start":{"line":391,"column":17},"end":{"line":392,"column":12}},"225":{"start":{"line":391,"column":75},"end":{"line":391,"column":87}},"226":{"start":{"line":392,"column":12},"end":{"line":393,"column":8}},"227":{"start":{"line":395,"column":12},"end":{"line":396,"column":8}},"228":{"start":{"line":397,"column":29},"end":{"line":397,"column":47}},"229":{"start":{"line":399,"column":12},"end":{"line":400,"column":8}},"230":{"start":{"line":402,"column":12},"end":{"line":406,"column":8}},"231":{"start":{"line":403,"column":16},"end":{"line":405,"column":12}},"232":{"start":{"line":404,"column":20},"end":{"line":405,"column":12}},"233":{"start":{"line":408,"column":12},"end":{"line":411,"column":12}},"234":{"start":{"line":409,"column":16},"end":{"line":410,"column":12}},"235":{"start":{"line":411,"column":12},"end":{"line":412,"column":8}},"236":{"start":{"line":414,"column":12},"end":{"line":415,"column":12}},"237":{"start":{"line":414,"column":38},"end":{"line":415,"column":12}},"238":{"start":{"line":415,"column":12},"end":{"line":418,"column":8}},"239":{"start":{"line":416,"column":16},"end":{"line":417,"column":12}},"240":{"start":{"line":420,"column":12},"end":{"line":421,"column":8}},"241":{"start":{"line":423,"column":12},"end":{"line":424,"column":8}},"242":{"start":{"line":426,"column":12},"end":{"line":427,"column":12}},"243":{"start":{"line":427,"column":12},"end":{"line":437,"column":13}},"244":{"start":{"line":428,"column":16},"end":{"line":431,"column":12}},"245":{"start":{"line":429,"column":20},"end":{"line":430,"column":16}},"246":{"start":{"line":429,"column":50},"end":{"line":430,"column":16}},"247":{"start":{"line":432,"column":16},"end":{"line":434,"column":16}},"248":{"start":{"line":434,"column":16},"end":{"line":437,"column":12}},"249":{"start":{"line":435,"column":20},"end":{"line":436,"column":16}},"250":{"start":{"line":435,"column":50},"end":{"line":436,"column":16}},"251":{"start":{"line":438,"column":12},"end":{"line":439,"column":8}},"252":{"start":{"line":441,"column":12},"end":{"line":446,"column":8}},"253":{"start":{"line":442,"column":16},"end":{"line":445,"column":12}},"254":{"start":{"line":448,"column":12},"end":{"line":449,"column":8}},"255":{"start":{"line":451,"column":12},"end":{"line":452,"column":12}},"256":{"start":{"line":452,"column":12},"end":{"line":453,"column":8}},"257":{"start":{"line":455,"column":12},"end":{"line":456,"column":12}},"258":{"start":{"line":456,"column":12},"end":{"line":457,"column":8}},"259":{"start":{"line":459,"column":12},"end":{"line":460,"column":12}},"260":{"start":{"line":460,"column":12},"end":{"line":469,"column":12}},"261":{"start":{"line":461,"column":16},"end":{"line":467,"column":12}},"262":{"start":{"line":462,"column":20},"end":{"line":463,"column":20}},"263":{"start":{"line":463,"column":20},"end":{"line":466,"column":16}},"264":{"start":{"line":464,"column":24},"end":{"line":465,"column":20}},"265":{"start":{"line":467,"column":17},"end":{"line":469,"column":12}},"266":{"start":{"line":467,"column":39},"end":{"line":468,"column":12}},"267":{"start":{"line":468,"column":17},"end":{"line":469,"column":12}},"268":{"start":{"line":468,"column":47},"end":{"line":468,"column":80}},"269":{"start":{"line":469,"column":12},"end":{"line":470,"column":8}},"270":{"start":{"line":472,"column":12},"end":{"line":473,"column":12}},"271":{"start":{"line":473,"column":12},"end":{"line":474,"column":12}},"272":{"start":{"line":473,"column":45},"end":{"line":474,"column":12}},"273":{"start":{"line":474,"column":12},"end":{"line":476,"column":12}},"274":{"start":{"line":475,"column":16},"end":{"line":476,"column":12}},"275":{"start":{"line":476,"column":12},"end":{"line":477,"column":8}},"276":{"start":{"line":479,"column":12},"end":{"line":480,"column":12}},"277":{"start":{"line":480,"column":12},"end":{"line":487,"column":12}},"278":{"start":{"line":481,"column":16},"end":{"line":487,"column":12}},"279":{"start":{"line":482,"column":20},"end":{"line":485,"column":21}},"280":{"start":{"line":483,"column":24},"end":{"line":484,"column":24}},"281":{"start":{"line":484,"column":24},"end":{"line":485,"column":20}},"282":{"start":{"line":487,"column":12},"end":{"line":488,"column":8}},"283":{"start":{"line":490,"column":12},"end":{"line":491,"column":8}},"284":{"start":{"line":493,"column":12},"end":{"line":494,"column":8}},"285":{"start":{"line":493,"column":49},"end":{"line":493,"column":71}},"286":{"start":{"line":496,"column":12},"end":{"line":497,"column":8}},"287":{"start":{"line":496,"column":41},"end":{"line":496,"column":76}},"288":{"start":{"line":499,"column":12},"end":{"line":502,"column":8}},"289":{"start":{"line":500,"column":16},"end":{"line":501,"column":12}},"290":{"start":{"line":500,"column":77},"end":{"line":500,"column":95}},"291":{"start":{"line":504,"column":12},"end":{"line":505,"column":8}},"292":{"start":{"line":504,"column":41},"end":{"line":504,"column":61}},"293":{"start":{"line":508,"column":12},"end":{"line":509,"column":8}},"294":{"start":{"line":508,"column":45},"end":{"line":508,"column":65}},"295":{"start":{"line":511,"column":12},"end":{"line":516,"column":8}},"296":{"start":{"line":512,"column":16},"end":{"line":513,"column":16}},"297":{"start":{"line":513,"column":16},"end":{"line":515,"column":12}},"298":{"start":{"line":514,"column":20},"end":{"line":515,"column":12}},"299":{"start":{"line":518,"column":12},"end":{"line":519,"column":8}},"300":{"start":{"line":521,"column":12},"end":{"line":522,"column":12}},"301":{"start":{"line":522,"column":12},"end":{"line":526,"column":12}},"302":{"start":{"line":523,"column":16},"end":{"line":526,"column":12}},"303":{"start":{"line":526,"column":12},"end":{"line":532,"column":8}},"304":{"start":{"line":527,"column":16},"end":{"line":531,"column":12}},"305":{"start":{"line":534,"column":12},"end":{"line":540,"column":13}},"306":{"start":{"line":535,"column":16},"end":{"line":536,"column":16}},"307":{"start":{"line":536,"column":16},"end":{"line":538,"column":16}},"308":{"start":{"line":538,"column":16},"end":{"line":539,"column":16}},"309":{"start":{"line":538,"column":65},"end":{"line":539,"column":16}},"310":{"start":{"line":539,"column":16},"end":{"line":540,"column":12}},"311":{"start":{"line":541,"column":12},"end":{"line":542,"column":8}},"312":{"start":{"line":544,"column":12},"end":{"line":545,"column":12}},"313":{"start":{"line":545,"column":12},"end":{"line":550,"column":8}},"314":{"start":{"line":546,"column":16},"end":{"line":548,"column":16}},"315":{"start":{"line":548,"column":16},"end":{"line":549,"column":12}},"316":{"start":{"line":552,"column":12},"end":{"line":555,"column":12}},"317":{"start":{"line":553,"column":16},"end":{"line":554,"column":12}},"318":{"start":{"line":555,"column":12},"end":{"line":556,"column":8}},"319":{"start":{"line":558,"column":12},"end":{"line":559,"column":8}},"320":{"start":{"line":558,"column":40},"end":{"line":558,"column":68}},"321":{"start":{"line":561,"column":12},"end":{"line":562,"column":8}},"322":{"start":{"line":564,"column":12},"end":{"line":568,"column":8}},"323":{"start":{"line":565,"column":16},"end":{"line":566,"column":20}},"324":{"start":{"line":566,"column":21},"end":{"line":567,"column":12}},"325":{"start":{"line":569,"column":34},"end":{"line":569,"column":105}},"326":{"start":{"line":570,"column":34},"end":{"line":570,"column":101}},"327":{"start":{"line":572,"column":12},"end":{"line":578,"column":8}},"328":{"start":{"line":575,"column":20},"end":{"line":576,"column":20}},"329":{"start":{"line":576,"column":20},"end":{"line":577,"column":16}},"330":{"start":{"line":580,"column":12},"end":{"line":583,"column":8}},"331":{"start":{"line":582,"column":38},"end":{"line":582,"column":62}},"332":{"start":{"line":585,"column":12},"end":{"line":586,"column":12}},"333":{"start":{"line":586,"column":12},"end":{"line":596,"column":8}},"334":{"start":{"line":592,"column":20},"end":{"line":592,"column":51}},"335":{"start":{"line":592,"column":45},"end":{"line":592,"column":51}},"336":{"start":{"line":593,"column":20},"end":{"line":595,"column":16}},"337":{"start":{"line":593,"column":40},"end":{"line":594,"column":20}},"338":{"start":{"line":593,"column":58},"end":{"line":594,"column":20}},"339":{"start":{"line":594,"column":25},"end":{"line":595,"column":16}},"340":{"start":{"line":598,"column":12},"end":{"line":599,"column":8}},"341":{"start":{"line":598,"column":41},"end":{"line":598,"column":89}},"342":{"start":{"line":601,"column":12},"end":{"line":606,"column":8}},"343":{"start":{"line":604,"column":20},"end":{"line":605,"column":16}},"344":{"start":{"line":608,"column":12},"end":{"line":609,"column":12}},"345":{"start":{"line":609,"column":12},"end":{"line":610,"column":8}},"346":{"start":{"line":612,"column":12},"end":{"line":620,"column":8}},"347":{"start":{"line":614,"column":66},"end":{"line":614,"column":87}},"348":{"start":{"line":618,"column":20},"end":{"line":619,"column":16}},"349":{"start":{"line":622,"column":12},"end":{"line":634,"column":12}},"350":{"start":{"line":622,"column":29},"end":{"line":634,"column":12}},"351":{"start":{"line":623,"column":16},"end":{"line":631,"column":16}},"352":{"start":{"line":631,"column":16},"end":{"line":632,"column":16}},"353":{"start":{"line":631,"column":55},"end":{"line":632,"column":16}},"354":{"start":{"line":632,"column":16},"end":{"line":633,"column":12}},"355":{"start":{"line":634,"column":12},"end":{"line":635,"column":12}},"356":{"start":{"line":634,"column":32},"end":{"line":635,"column":12}},"357":{"start":{"line":635,"column":12},"end":{"line":636,"column":12}},"358":{"start":{"line":636,"column":12},"end":{"line":642,"column":8}},"359":{"start":{"line":644,"column":12},"end":{"line":647,"column":12}},"360":{"start":{"line":645,"column":16},"end":{"line":647,"column":12}},"361":{"start":{"line":647,"column":12},"end":{"line":648,"column":12}},"362":{"start":{"line":648,"column":12},"end":{"line":659,"column":13}},"363":{"start":{"line":649,"column":16},"end":{"line":653,"column":12}},"364":{"start":{"line":650,"column":20},"end":{"line":651,"column":16}},"365":{"start":{"line":650,"column":42},"end":{"line":650,"column":89}},"366":{"start":{"line":652,"column":20},"end":{"line":653,"column":12}},"367":{"start":{"line":654,"column":16},"end":{"line":659,"column":12}},"368":{"start":{"line":655,"column":20},"end":{"line":659,"column":12}},"369":{"start":{"line":656,"column":24},"end":{"line":657,"column":20}},"370":{"start":{"line":656,"column":46},"end":{"line":656,"column":88}},"371":{"start":{"line":658,"column":24},"end":{"line":659,"column":12}},"372":{"start":{"line":661,"column":12},"end":{"line":662,"column":8}},"373":{"start":{"line":661,"column":41},"end":{"line":661,"column":73}},"374":{"start":{"line":664,"column":12},"end":{"line":665,"column":8}},"375":{"start":{"line":667,"column":12},"end":{"line":670,"column":8}},"376":{"start":{"line":668,"column":16},"end":{"line":669,"column":12}},"377":{"start":{"line":672,"column":12},"end":{"line":680,"column":8}},"378":{"start":{"line":673,"column":16},"end":{"line":674,"column":16}},"379":{"start":{"line":674,"column":16},"end":{"line":675,"column":16}},"380":{"start":{"line":675,"column":16},"end":{"line":678,"column":16}},"381":{"start":{"line":676,"column":20},"end":{"line":677,"column":16}},"382":{"start":{"line":676,"column":50},"end":{"line":677,"column":16}},"383":{"start":{"line":678,"column":16},"end":{"line":679,"column":12}},"384":{"start":{"line":682,"column":12},"end":{"line":690,"column":8}},"385":{"start":{"line":683,"column":16},"end":{"line":684,"column":16}},"386":{"start":{"line":683,"column":40},"end":{"line":684,"column":16}},"387":{"start":{"line":684,"column":16},"end":{"line":685,"column":16}},"388":{"start":{"line":685,"column":16},"end":{"line":688,"column":16}},"389":{"start":{"line":686,"column":20},"end":{"line":687,"column":16}},"390":{"start":{"line":688,"column":16},"end":{"line":689,"column":12}},"391":{"start":{"line":692,"column":12},"end":{"line":699,"column":8}},"392":{"start":{"line":693,"column":16},"end":{"line":694,"column":16}},"393":{"start":{"line":694,"column":16},"end":{"line":698,"column":12}},"394":{"start":{"line":695,"column":20},"end":{"line":697,"column":16}},"395":{"start":{"line":701,"column":12},"end":{"line":701,"column":36}},"396":{"start":{"line":701,"column":30},"end":{"line":701,"column":36}},"397":{"start":{"line":702,"column":12},"end":{"line":703,"column":8}},"398":{"start":{"line":705,"column":12},"end":{"line":705,"column":36}},"399":{"start":{"line":705,"column":30},"end":{"line":705,"column":36}},"400":{"start":{"line":707,"column":12},"end":{"line":717,"column":12}},"401":{"start":{"line":717,"column":12},"end":{"line":718,"column":12}},"402":{"start":{"line":718,"column":12},"end":{"line":721,"column":12}},"403":{"start":{"line":721,"column":12},"end":{"line":722,"column":12}},"404":{"start":{"line":722,"column":12},"end":{"line":725,"column":12}},"405":{"start":{"line":725,"column":12},"end":{"line":729,"column":8}},"406":{"start":{"line":731,"column":12},"end":{"line":737,"column":8}},"407":{"start":{"line":732,"column":16},"end":{"line":733,"column":16}},"408":{"start":{"line":733,"column":16},"end":{"line":735,"column":16}},"409":{"start":{"line":734,"column":20},"end":{"line":735,"column":16}},"410":{"start":{"line":735,"column":16},"end":{"line":736,"column":12}},"411":{"start":{"line":741,"column":4},"end":{"line":744,"column":4}},"412":{"start":{"line":744,"column":5},"end":{"line":758,"column":4}},"413":{"start":{"line":745,"column":8},"end":{"line":756,"column":4}},"414":{"start":{"line":746,"column":12},"end":{"line":748,"column":12}},"415":{"start":{"line":747,"column":64},"end":{"line":747,"column":90}},"416":{"start":{"line":748,"column":12},"end":{"line":755,"column":8}},"417":{"start":{"line":748,"column":37},"end":{"line":751,"column":12}},"418":{"start":{"line":751,"column":17},"end":{"line":755,"column":8}},"419":{"start":{"line":752,"column":16},"end":{"line":753,"column":16}},"420":{"start":{"line":753,"column":16},"end":{"line":754,"column":12}},"421":{"start":{"line":758,"column":4},"end":{"line":761,"column":5}},"422":{"start":{"line":759,"column":8},"end":{"line":760,"column":8}},"423":{"start":{"line":760,"column":8},"end":{"line":761,"column":4}},"424":{"start":{"line":760,"column":41},"end":{"line":761,"column":4}},"425":{"start":{"line":765,"column":4},"end":{"line":810,"column":4}},"426":{"start":{"line":766,"column":8},"end":{"line":768,"column":8}},"427":{"start":{"line":768,"column":8},"end":{"line":804,"column":8}},"428":{"start":{"line":770,"column":12},"end":{"line":776,"column":12}},"429":{"start":{"line":771,"column":20},"end":{"line":772,"column":20}},"430":{"start":{"line":772,"column":20},"end":{"line":774,"column":16}},"431":{"start":{"line":776,"column":12},"end":{"line":778,"column":12}},"432":{"start":{"line":776,"column":34},"end":{"line":778,"column":12}},"433":{"start":{"line":778,"column":12},"end":{"line":798,"column":8}},"434":{"start":{"line":779,"column":16},"end":{"line":782,"column":16}},"435":{"start":{"line":782,"column":16},"end":{"line":787,"column":16}},"436":{"start":{"line":787,"column":16},"end":{"line":797,"column":12}},"437":{"start":{"line":788,"column":20},"end":{"line":791,"column":20}},"438":{"start":{"line":788,"column":37},"end":{"line":789,"column":20}},"439":{"start":{"line":789,"column":25},"end":{"line":791,"column":20}},"440":{"start":{"line":789,"column":38},"end":{"line":791,"column":20}},"441":{"start":{"line":791,"column":20},"end":{"line":796,"column":16}},"442":{"start":{"line":792,"column":24},"end":{"line":795,"column":20}},"443":{"start":{"line":794,"column":28},"end":{"line":795,"column":20}},"444":{"start":{"line":804,"column":8},"end":{"line":808,"column":4}},"445":{"start":{"line":805,"column":12},"end":{"line":806,"column":12}},"446":{"start":{"line":806,"column":12},"end":{"line":807,"column":8}},"447":{"start":{"line":810,"column":4},"end":{"line":813,"column":4}},"448":{"start":{"line":813,"column":4},"end":{"line":814,"column":4}},"449":{"start":{"line":814,"column":4},"end":{"line":815,"column":4}},"450":{"start":{"line":815,"column":4},"end":{"line":817,"column":4}},"451":{"start":{"line":817,"column":4},"end":{"line":818,"column":0}},"452":{"start":{"line":820,"column":0},"end":{"line":821,"column":0}},"453":{"start":{"line":821,"column":0},"end":{"line":823,"column":0}},"454":{"start":{"line":823,"column":1},"end":{"line":875,"column":0}},"455":{"start":{"line":824,"column":4},"end":{"line":867,"column":5}},"456":{"start":{"line":825,"column":8},"end":{"line":847,"column":8}},"457":{"start":{"line":847,"column":8},"end":{"line":849,"column":8}},"458":{"start":{"line":847,"column":39},"end":{"line":849,"column":8}},"459":{"start":{"line":849,"column":8},"end":{"line":850,"column":8}},"460":{"start":{"line":849,"column":21},"end":{"line":850,"column":8}},"461":{"start":{"line":850,"column":8},"end":{"line":851,"column":8}},"462":{"start":{"line":850,"column":20},"end":{"line":851,"column":8}},"463":{"start":{"line":851,"column":8},"end":{"line":852,"column":8}},"464":{"start":{"line":851,"column":18},"end":{"line":852,"column":8}},"465":{"start":{"line":852,"column":8},"end":{"line":853,"column":8}},"466":{"start":{"line":852,"column":19},"end":{"line":853,"column":8}},"467":{"start":{"line":853,"column":8},"end":{"line":854,"column":8}},"468":{"start":{"line":853,"column":22},"end":{"line":854,"column":8}},"469":{"start":{"line":854,"column":8},"end":{"line":855,"column":8}},"470":{"start":{"line":854,"column":24},"end":{"line":855,"column":8}},"471":{"start":{"line":855,"column":8},"end":{"line":856,"column":8}},"472":{"start":{"line":855,"column":18},"end":{"line":856,"column":8}},"473":{"start":{"line":856,"column":8},"end":{"line":857,"column":8}},"474":{"start":{"line":856,"column":25},"end":{"line":857,"column":8}},"475":{"start":{"line":857,"column":8},"end":{"line":858,"column":8}},"476":{"start":{"line":857,"column":22},"end":{"line":858,"column":8}},"477":{"start":{"line":858,"column":8},"end":{"line":859,"column":8}},"478":{"start":{"line":858,"column":20},"end":{"line":859,"column":8}},"479":{"start":{"line":859,"column":8},"end":{"line":860,"column":8}},"480":{"start":{"line":859,"column":18},"end":{"line":860,"column":8}},"481":{"start":{"line":860,"column":8},"end":{"line":861,"column":8}},"482":{"start":{"line":860,"column":60},"end":{"line":861,"column":8}},"483":{"start":{"line":861,"column":8},"end":{"line":862,"column":8}},"484":{"start":{"line":861,"column":20},"end":{"line":862,"column":8}},"485":{"start":{"line":862,"column":8},"end":{"line":864,"column":8}},"486":{"start":{"line":862,"column":21},"end":{"line":864,"column":8}},"487":{"start":{"line":864,"column":8},"end":{"line":865,"column":8}},"488":{"start":{"line":865,"column":8},"end":{"line":867,"column":4}},"489":{"start":{"line":869,"column":4},"end":{"line":871,"column":4}},"490":{"start":{"line":871,"column":4},"end":{"line":873,"column":0}},"491":{"start":{"line":875,"column":1},"end":{"line":1120,"column":0}},"492":{"start":{"line":876,"column":4},"end":{"line":879,"column":4}},"493":{"start":{"line":879,"column":4},"end":{"line":881,"column":4}},"494":{"start":{"line":881,"column":4},"end":{"line":883,"column":5}},"495":{"start":{"line":882,"column":8},"end":{"line":883,"column":4}},"496":{"start":{"line":884,"column":4},"end":{"line":894,"column":5}},"497":{"start":{"line":885,"column":8},"end":{"line":886,"column":8}},"498":{"start":{"line":886,"column":8},"end":{"line":887,"column":8}},"499":{"start":{"line":886,"column":22},"end":{"line":887,"column":8}},"500":{"start":{"line":887,"column":8},"end":{"line":894,"column":4}},"501":{"start":{"line":888,"column":12},"end":{"line":893,"column":8}},"502":{"start":{"line":895,"column":4},"end":{"line":898,"column":5}},"503":{"start":{"line":896,"column":8},"end":{"line":897,"column":8}},"504":{"start":{"line":897,"column":8},"end":{"line":898,"column":4}},"505":{"start":{"line":899,"column":4},"end":{"line":901,"column":5}},"506":{"start":{"line":900,"column":8},"end":{"line":901,"column":4}},"507":{"start":{"line":903,"column":4},"end":{"line":906,"column":5}},"508":{"start":{"line":904,"column":8},"end":{"line":906,"column":4}},"509":{"start":{"line":904,"column":40},"end":{"line":905,"column":8}},"510":{"start":{"line":905,"column":13},"end":{"line":906,"column":4}},"511":{"start":{"line":905,"column":56},"end":{"line":9
[...]
pe":"binary-expr","locations":[{"start":{"line":383,"column":19},"end":{"line":383,"column":35}},{"start":{"line":383,"column":39},"end":{"line":383,"column":61}}]}},"code":["/**\r"," * @file 所有UI组件的基类，通过它可以简单的快速的创建新的组件。\r"," * @name zepto.ui\r"," * @short zepto.ui\r"," * @desc 所有UI组件的基类，通过它可以简单的快速的创建新的组件。\r"," * @import core/zepto.js, core/zepto.extend.js\r"," */\r","(function($, undefined) {\r","    var id = 1,\r","        _blankFn = function(){},\r","        tpl = '<%=name%>-<%=id%>',\r","        record = (function(){\r","            var data = {},\r","                id = 0,\r","                iKey = \"GMUWidget\"+(+ new Date()); //internal key.\r","\r","            return function( obj, key, val){\r","                var dkey = obj[ iKey ] || ( obj[ iKey ] = ++id ),\r","                    store = data[dkey] || (data[dkey] = {});\r","\r","                !$.isUndefined(val) && (store[key] = val);\r","                $.isNull(val) && delete store[key];\r","\r","                return store[ key ];\r","            }\r","        })();\r","        \r","    $.ui = $.ui || {\r","        version: '2.0.5',\r","\r","        guid: _guid,\r","\r","        /**\r","         * @name $.ui.define\r","         * @grammar $.ui.define(name, data[, superClass]) ⇒ undefined\r","         * @desc 定义组件,\r","         * - ''name'' 组件名称\r","         * - ''data'' 对象，设置此组件的prototype。可以添加属性或方法\r","         * - ''superClass'' 基类，指定此组件基于哪个现有组件，默认为Widget基类\r","         * **示例:**\r","         * <code type=\"javascript\">\r","         * $.ui.define('helloworld', {\r","         *     _data: {\r","         *         opt1: null\r","         *     },\r","         *     enable: function(){\r","         *         //...\r","         *     }\r","         * });\r","         * </code>\r","         *\r","         * **定义完后，就可以通过以下方式使用了**\r","         *<code type=\"javascript\">\r","         * var instance = $.ui.helloworld({opt1: true});\r","         * instance.enable();\r","         *\r","         * //或者\r","         * $('#id').helloworld({opt1:true});\r","         * //...later\r","         * $('#id').helloworld('enable');\r","         * </code>\r","         *\r","         * **Tips**\r","         * 1. 通过Zepto对象上的组件方法，可以直接实例话组件, 如: $('#btn').button({label: 'abc'});\r","         * 2. 通过Zepto对象上的组件方法，传入字符串this, 可以获得组件实例，如：var btn = $('#btn').button('this');\r","         * 3. 通过Zepto对象上的组件方法，可以直接调用组件方法，第一个参数用来指定方法名，之后的参数作为方法参数，如: $('#btn').button('setIcon', 'home');\r","         * 4. 在子类中，如覆写了某个方法，可以在方法中通过this.$super()方法调用父级方法。如：this.$super('enable');\r","         */\r","        define: function(name, data, superClass) {\r","            if(superClass) data.inherit = superClass;\r","            var Class = $.ui[name] = _createClass(function(el, options) {\r","                var obj = _createObject(Class.prototype, {\r","                    _id: $.parseTpl(tpl, {\r","                        name: name,\r","                        id: _guid()\r","                    })\r","                });\r","\r","                obj._createWidget.call(obj, el, options,Class.plugins);\r","                return obj;\r","            }, data);\r","            return _zeptoLize(name, Class);\r","        },\r","\r","        /**\r","         * @name $.ui.isWidget()\r","         * @grammar $.ui.isWidget(obj) ⇒ boolean\r","         * @grammar $.ui.isWidget(obj, name) ⇒ boolean\r","         * @desc 判断obj是不是widget实例\r","         *\r","         * **参数**\r","         * - ''obj'' 用于检测的对象\r","         * - ''name'' 可选，默认监测是不是''widget''(基类)的实例，可以传入组件名字如''button''。作用将变为obj是不是button组件实例。\r","         * @param obj\r","         * @param name\r","         * @example\r","         *\r","         * var btn = $.ui.button(),\r","         *     dialog = $.ui.dialog();\r","         *\r","         * console.log($.isWidget(btn)); // => true\r","         * console.log($.isWidget(dialog)); // => true\r","         * console.log($.isWidget(btn, 'button')); // => true\r","         * console.log($.isWidget(dialog, 'button')); // => false\r","         * console.log($.isWidget(btn, 'noexist')); // => false\r","         */\r","        isWidget: function(obj, name){\r","            return obj instanceof (name===undefined ? _widget: $.ui[name] || _blankFn);\r","        }\r","    };\r","        \r","    /**\r","     * generate guid\r","     */\r","    function _guid() {\r","        return id++;\r","    };\r","\r","    function _createObject(proto, data) {\r","        var obj = {};\r","        Object.create ? obj = Object.create(proto) : obj.__proto__ = proto;\r","        return $.extend(obj, data || {});\r","    }\r","\r","    function _createClass(Class, data) {\r","        if (data) {\r","            _process(Class, data);\r","            $.extend(Class.prototype, data);\r","        }\r","        return $.extend(Class, {\r","            plugins: [],\r","            register: function(fn) {\r","                if ($.isObject(fn)) {\r","                    $.extend(this.prototype,fn);\r","                    return;\r","                }\r","                this.plugins.push(fn);\r","            }\r","        });\r","    }\r","\r","    /**\r","     * handle inherit & _data\r","     */\r","    function _process(Class, data) {\r","        var superClass = data.inherit || _widget,\r","            proto = superClass.prototype,\r","            obj;\r","        obj = Class.prototype = _createObject(proto, {\r","            $factory: Class,\r","            $super: function(key) {\r","                var fn = proto[key];\r","                return $.isFunction(fn) ? fn.apply(this, $.slice(arguments, 1)) : fn;\r","            }\r","        });\r","        obj._data = $.extend({}, proto._data, data._data);\r","        delete data._data;\r","        return Class;\r","    }\r","\r","    /**\r","     * 强制setup模式\r","     * @grammar $(selector).dialog(opts);\r","     */\r","    function _zeptoLize( name ) {\r","        $.fn[ name ] = function(opts) {\r","            var ret,\r","                obj,\r","                args = $.slice(arguments, 1);\r","\r","            $.each( this, function( i, el ){\r","\r","                obj = record( el, name ) || $.ui[name]( el, $.extend( $.isPlainObject(opts) ? opts : {}, {\r","                    setup: true\r","                } ) );\r","                if ($.isString( opts )) {\r","                    if (!$.isFunction( obj[ opts ] ) && opts !== 'this') {\r","                        throw new Error(name + '组件没有此方法');    //当不是取方法是，抛出错误信息\r","                    }\r","                    ret = $.isFunction( obj[ opts ] ) ? obj[opts].apply(obj, args) : undefined;\r","                }\r","                if( ret !== undefined && ret !== obj || opts === \"this\" && ( ret = obj ) ) {\r","                    return false;\r","                }\r","                ret = undefined;\r","            });\r","            //ret 为真就是要返回ui实例之外的内容\r","            //obj 'this'时返回\r","            //其他都是返回zepto实例\r","            //修改返回值为空的时，返回值不对的问题\r","            return ret !== undefined ? ret : this;\r","        };\r","    }\r","    /**\r","     * @name widget\r","     * @desc GMU所有的组件都是此类的子类，即以下此类里面的方法都可在其他组建中调用。\r","     */\r","    var _widget = function() {};\r","    $.extend(_widget.prototype, {\r","        _data: {\r","            status: true\r","        },\r","\r","        /**\r","         * @name data\r","         * @grammar data(key) ⇒ value\r","         * @grammar data(key, value) ⇒ value\r","         * @desc 设置或者获取options, 所有组件中的配置项都可以通过此方法得到。\r","         * @example\r","         * $('a#btn').button({label: '按钮'});\r","         * console.log($('a#btn').button('data', 'label'));// => 按钮\r","         */\r","        data: function(key, val) {\r","            var _data = this._data;\r","            if ($.isObject(key)) return $.extend(_data, key);\r","            else return !$.isUndefined(val) ? _data[key] = val : _data[key];\r","        },\r","\r","        /**\r","         * common constructor\r","         */\r","        _createWidget: function(el, opts,plugins) {\r","\r","            if ($.isObject(el)) {\r","                opts = el || {};\r","                el = undefined;\r","            }\r","\r","            var data = $.extend({}, this._data, opts);\r","            $.extend(this, {\r","                _el: el ? $(el) : undefined,\r","                _data: data\r","            });\r","\r","            //触发plugins\r","            var me = this;\r","            $.each( plugins, function( i, fn ){\r","                var result = fn.apply( me );\r","                if(result && $.isPlainObject(result) ){\r","                    var plugins = me._data.disablePlugin;\r","                    if( !plugins || $.isString(plugins) && !~plugins.indexOf(result.pluginName) ){\r","                        delete result.pluginName;\r","                        $.each(result,function( key, val ){\r","                            var orgFn;\r","                            if((orgFn = me[key]) && $.isFunction( val ) ){\r","                                me[key] = function(){\r","                                    me[key + 'Org'] = orgFn;\r","                                    return val.apply(me,arguments);\r","                                }\r","                            }else\r","                                me[key] = val;\r","                        });\r","                    }\r","                }\r","            });\r","            // use setup or render\r","            if(data.setup) this._setup(el && el.getAttribute('data-mode'));\r","            else this._create();\r","            this._init();\r","\r","            var me = this,\r","                $el = this.trigger('init').root();\r","            $el.on('tap', function(e) {\r","                (e['bubblesList'] || (e['bubblesList'] = [])).push(me);\r","            });\r","\r","            record( $el[0], me._id.split('-')[0], me );\r","        },\r","\r","        /**\r","         * @interface: use in render mod\r","         * @name _create\r","         * @desc 接口定义，子类中需要重新实现此方法，此方法在render模式时被调用。\r","         *\r","         * 所谓的render方式，即，通过以下方式初始化组件\r","         * <code>\r","         * $.ui.widgetName(options);\r","         * </code>\r","         */\r","        _create: function() {},\r","\r","        /**\r","         * @interface: use in setup mod\r","         * @name _setup\r","         * @desc 接口定义，子类中需要重新实现此方法，此方法在setup模式时被调用。第一个行参用来分辨时fullsetup，还是setup\r","         *\r","         * <code>\r","         * $.ui.define('helloworld', {\r","         *     _setup: function(mode){\r","         *          if(mode){\r","         *              //为fullsetup模式\r","         *          } else {\r","         *              //为setup模式\r","         *          }\r","         *     }\r","         * });\r","         * </code>\r","         *\r","         * 所谓的setup方式，即，先有dom，然后通过选择器，初始化Zepto后，在Zepto对象直接调用组件名方法实例化组件，如\r","         * <code>\r","         * //<div id=\"widget\"></div>\r","         * $('#widget').widgetName(options);\r","         * </code>\r","         *\r","         * 如果用来初始化的element，设置了data-mode=\"true\"，组件将以fullsetup模式初始化\r","         */\r","        _setup: function(mode) {},\r","\r","        /**\r","         * @name root\r","         * @grammar root() ⇒ value\r","         * @grammar root(el) ⇒ value\r","         * @desc 设置或者获取根节点\r","         * @example\r","         * $('a#btn').button({label: '按钮'});\r","         * console.log($('a#btn').button('root'));// => a#btn\r","         */\r","        root: function(el) {\r","            return this._el = el || this._el;\r","        },\r","\r","        /**\r","         * @name id\r","         * @grammar id() ⇒ value\r","         * @grammar id(id) ⇒ value\r","         * @desc 设置或者获取组件id\r","         */\r","        id: function(id) {\r","            return this._id = id || this._id;\r","        },\r","\r","        /**\r","         * @name destroy\r","         * @grammar destroy() ⇒ undefined\r","         * @desc 注销组件\r","         */\r","        destroy: function() {\r","            var me = this,\r","                $el;\r","            $el = this.trigger('destroy').off().root();\r","            $el.find('*').off();\r","            record( $el[0], me._id.split('-')[0], null);\r","            $el.off().remove();\r","            this.__proto__ = null;\r","            $.each(this, function(key) {\r","                delete me[key];\r","            });\r","        },\r","\r","        /**\r","         * @name on\r","         * @grammar on(type, handler) ⇒ instance\r","         * @desc 绑定事件，此事件绑定不同于zepto上绑定事件，此On的this只想组件实例，而非zepto实例\r","         */\r","        on: function(ev, callback) {\r","            this.root().on(ev, $.proxy(callback, this));\r","            return this;\r","        },\r","\r","        /**\r","         * @name off\r","         * @grammar off(type) ⇒ instance\r","         * @grammar off(type, handler) ⇒ instance\r","         * @desc 解绑事件\r","         */\r","        off: function(ev, callback) {\r","            this.root().off(ev, callback);\r","            return this;\r","        },\r","\r","        /**\r","         * @name trigger\r","         * @grammar trigger(type[, data]) ⇒ instance\r","         * @desc 触发事件, 此trigger会优先把options上的事件回调函数先执行，然后给根DOM派送事件。\r","         * options上回调函数可以通过e.preventDefaualt()来组织事件派发。\r","         */\r","        trigger: function(event, data) {\r","            event = $.isString(event) ? $.Event(event) : event;\r","            var onEvent = this.data(event.type),result;\r","            if( onEvent && $.isFunction(onEvent) ){\r","                event.data = data;\r","                result = onEvent.apply(this, [event].concat(data));\r","                if(result === false || event.defaultPrevented){\r","                    return this;\r","                }\r","            }\r","            this.root().trigger(event, data);\r","            return this;\r","        }\r","    });\r","})(Zepto);"],"ssum":109,"scov":28,"bsum":91,"bcov":8,"fsum":32,"fcov":7},"core/zepto.fix.js":{"path":"core/zepto.fix.js","s":{"1":1,"2":1,"3":0,"4":0,"5":0,"6":0,"7":0,"8":0,"9":0,"10":0,"11":0,"12":0,"13":0,"14":0,"15":0,"16":0,"17":0,"18":0,"19":0},"b":{"1":[0,0],"2":[0,0],"3":[0,0],"4":[0,0],"5":[0,0],"6":[0,0],"7":[0,0],"8":[0,0]},"f":{"1":1,"2":0,"3":0,"4":0},"fnMap":{"1":{"name":"(anonymous_1)","line":27,"loc":{"start":{"line":27,"column":1},"end":{"line":27,"column":25}}},"2":{"name":"(anonymous_2)","line":29,"loc":{"start":{"line":29,"column":13},"end":{"line":29,"column":28}}},"3":{"name":"(anonymous_3)","line":35,"loc":{"start":{"line":35,"column":29},"end":{"line":35,"column":40}}},"4":{"name":"(anonymous_4)","line":47,"loc":{"start":{"line":47,"column":26},"end":{"line":47,"column":37}}}},"statementMap":{"1":{"start":{"line":27,"column":0},"end":{"line":58,"column":10}},"2":{"start":{"line":28,"column":4},"end":{"line":57,"column":7}},"3":{"start":{"line":30,"column":12},"end":{"line":30,"column":26}},"4":{"start":{"line":31,"column":12},"end":{"line":31,"column":45}},"5":{"start":{"line":31,"column":35},"end":{"line":31,"column":45}},"6":{"start":{"line":32,"column":12},"end":{"line":32,"column":72}},"7":{"start":{"line":33,"column":12},"end":{"line":53,"column":18}},"8":{"start":{"line":36,"column":20},"end":{"line":45,"column":21}},"9":{"start":{"line":37,"column":24},"end":{"line":42,"column":25}},"10":{"start":{"line":38,"column":28},"end":{"line":38,"column":59}},"11":{"start":{"line":39,"column":28},"end":{"line":39,"column":38}},"12":{"start":{"line":40,"column":28},"end":{"line":40,"column":66}},"13":{"start":{"line":41,"column":28},"end":{"line":41,"column":63}},"14":{"start":{"line":43,"column":24},"end":{"line":43,"column":66}},"15":{"start":{"line":44,"column":24},"end":{"line":44,"column":38}},"16":{"start":{"line":48,"column":20},"end":{"line":51,"column":23}},"17":{"start":{"line":52,"column":20},"end":{"line":52,"column":87}},"18":{"start":{"line":54,"column":12},"end":{"line":54,"column":53}},"19":{"start":{"line":55,"column":12},"end":{"line":55,"column":22}}},"branchMap":{"1":{"line":31,"type":"if","locations":[{"start":{"line":31,"column":12},"end":{"line":31,"column":12}},{"start":{"line":31,"column":12},"end":{"line":31,"column":12}}]},"2":{"line":36,"type":"if","locations":[{"start":{"line":36,"column":20},"end":{"line":36,"column":20}},{"start":{"line":36,"column":20},"end":{"line":36,"column":20}}]},"3":{"line":37,"type":"if","locations":[{"start":{"line":37,"column":24},"end":{"line":37,"column":24}},{"start":{"line":37,"column":24},"end":{"line":37,"column":24}}]},"4":{"line":49,"type":"cond-expr","locations":[{"start":{"line":49,"column":79},"end":{"line":49,"column":125}},{"start":{"line":49,"column":129},"end":{"line":49,"column":141}}]},"5":{"line":49,"type":"binary-expr","locations":[{"start":{"line":49,"column":129},"end":{"line":49,"column":137}},{"start":{"line":49,"column":140},"end":{"line":49,"column":141}}]},"6":{"line":50,"type":"cond-expr","locations":[{"start":{"line":50,"column":57},"end":{"line":50,"column":108}},{"start":{"line":50,"column":112},"end":{"line":50,"column":126}}]},"7":{"line":50,"type":"binary-expr","locations":[{"start":{"line":50,"column":112},"end":{"line":50,"column":121}},{"start":{"line":50,"column":125},"end":{"line":50,"column":126}}]},"8":{"line":52,"type":"binary-expr","locations":[{"start":{"line":52,"column":20},"end":{"line":52,"column":40}},{"start":{"line":52,"column":44},"end":{"line":52,"column":86}}]}},"code":["/**\r"," * @file 实现了通用fix方法。\r"," * @name zepto.fix\r"," * @import core/zepto.extend.js\r"," */\r","\r","/**\r"," * @name fix\r"," * @grammar fix(options)   ⇒ self\r"," * @desc 固顶fix方法，对不支持position:fixed的设备上将元素position设为absolute，\r"," * 在每次scrollstop时根据opts参数设置当前显示的位置，类似fix效果。\r"," *\r"," * Options:\r"," * - ''top'' {Number}: 距离顶部的px值\r"," * - ''left'' {Number}: 距离左侧的px值\r"," * - ''bottom'' {Number}: 距离底部的px值\r"," * - ''right'' {Number}: 距离右侧的px值\r"," * @example\r"," * var div = $('div');\r"," * div.fix({top:0, left:0}); //将div固顶在左上角\r"," * div.fix({top:0, right:0}); //将div固顶在右上角\r"," * div.fix({bottom:0, left:0}); //将div固顶在左下角\r"," * div.fix({bottom:0, right:0}); //将div固顶在右下角\r"," *\r"," */\r","\r","(function ($, undefined) {\r","    $.extend($.fn, {\r","        fix: function(opts) {\r","            var me = this;                      //如果一个集合中的第一元素已fix，则认为这个集合的所有元素已fix，\r","            if(me.attr('isFixed')) return me;   //这样在操作时就可以针对集合进行操作，不必单独绑事件去操作\r","            me.css(opts).css('position', 'fixed').attr('isFixed', true);\r","            var buff = $('<div style=\"position:fixed;top:10px;\"></div>').appendTo('body'),\r","                top = buff[0].getBoundingClientRect().top,\r","                checkFixed = function() {\r","                    if(window.pageYOffset > 0) {\r","                        if(buff[0].getBoundingClientRect().top !== top) {\r","                            me.css('position', 'absolute');\r","                            doFixed();\r","                            $(document).on('scrollStop', doFixed);\r","                            $(window).on('ortchange', doFixed);\r","                        }\r","                        $(document).off('scrollStop', checkFixed);\r","                        buff.remove();\r","                    }\r","                },\r","                doFixed = function() {\r","                    me.css({\r","                        top: window.pageYOffset + (opts.bottom !== undefined ? window.innerHeight - me.height() - opts.bottom : (opts.top ||0)),\r","                        left: opts.right !== undefined ? document.body.offsetWidth - me.width() - opts.right : (opts.left || 0)\r","                    });\r","                    opts.width == '100%' && me.css('width', document.body.offsetWidth);\r","                };\r","            $(document).on('scrollStop', checkFixed);\r","            return me;\r","        }\r","    });\r","}(Zepto));"],"ssum":19,"scov":2,"bsum":16,"bcov":0,"fsum":4,"fcov":1}}